[2019-06-28 18:20:22] production.ERROR: The C:\Users\JustDoIt\Desktop\Laravel-ECommerce-Iyzico\bootstrap/cache directory must be present and writable. {"exception":"[object] (Exception(code: 0): The C:\\Users\\JustDoIt\\Desktop\\Laravel-ECommerce-Iyzico\\bootstrap/cache directory must be present and writable. at C:\\Users\\JustDoIt\\Desktop\\Laravel-ECommerce-Iyzico\\vendor\\laravel\\framework\\src\\Illuminate\\Foundation\\PackageManifest.php:167)
[stacktrace]
#0 C:\\Users\\JustDoIt\\Desktop\\Laravel-ECommerce-Iyzico\\vendor\\laravel\\framework\\src\\Illuminate\\Foundation\\PackageManifest.php(127): Illuminate\\Foundation\\PackageManifest->write(Array)
#1 C:\\Users\\JustDoIt\\Desktop\\Laravel-ECommerce-Iyzico\\vendor\\laravel\\framework\\src\\Illuminate\\Foundation\\PackageManifest.php(97): Illuminate\\Foundation\\PackageManifest->build()
#2 C:\\Users\\JustDoIt\\Desktop\\Laravel-ECommerce-Iyzico\\vendor\\laravel\\framework\\src\\Illuminate\\Foundation\\PackageManifest.php(80): Illuminate\\Foundation\\PackageManifest->getManifest()
#3 C:\\Users\\JustDoIt\\Desktop\\Laravel-ECommerce-Iyzico\\vendor\\laravel\\framework\\src\\Illuminate\\Foundation\\Bootstrap\\RegisterFacades.php(26): Illuminate\\Foundation\\PackageManifest->aliases()
#4 C:\\Users\\JustDoIt\\Desktop\\Laravel-ECommerce-Iyzico\\vendor\\laravel\\framework\\src\\Illuminate\\Foundation\\Application.php(206): Illuminate\\Foundation\\Bootstrap\\RegisterFacades->bootstrap(Object(Illuminate\\Foundation\\Application))
#5 C:\\Users\\JustDoIt\\Desktop\\Laravel-ECommerce-Iyzico\\vendor\\laravel\\framework\\src\\Illuminate\\Foundation\\Console\\Kernel.php(297): Illuminate\\Foundation\\Application->bootstrapWith(Array)
#6 C:\\Users\\JustDoIt\\Desktop\\Laravel-ECommerce-Iyzico\\vendor\\laravel\\framework\\src\\Illuminate\\Foundation\\Console\\Kernel.php(120): Illuminate\\Foundation\\Console\\Kernel->bootstrap()
#7 C:\\Users\\JustDoIt\\Desktop\\Laravel-ECommerce-Iyzico\\artisan(37): Illuminate\\Foundation\\Console\\Kernel->handle(Object(Symfony\\Component\\Console\\Input\\ArgvInput), Object(Symfony\\Component\\Console\\Output\\ConsoleOutput))
#8 {main}
"} 
[2019-06-28 18:22:36] production.ERROR: The C:\Users\JustDoIt\Desktop\Laravel-ECommerce-Iyzico\bootstrap/cache directory must be present and writable. {"exception":"[object] (Exception(code: 0): The C:\\Users\\JustDoIt\\Desktop\\Laravel-ECommerce-Iyzico\\bootstrap/cache directory must be present and writable. at C:\\Users\\JustDoIt\\Desktop\\Laravel-ECommerce-Iyzico\\vendor\\laravel\\framework\\src\\Illuminate\\Foundation\\PackageManifest.php:167)
[stacktrace]
#0 C:\\Users\\JustDoIt\\Desktop\\Laravel-ECommerce-Iyzico\\vendor\\laravel\\framework\\src\\Illuminate\\Foundation\\PackageManifest.php(127): Illuminate\\Foundation\\PackageManifest->write(Array)
#1 C:\\Users\\JustDoIt\\Desktop\\Laravel-ECommerce-Iyzico\\vendor\\laravel\\framework\\src\\Illuminate\\Foundation\\PackageManifest.php(97): Illuminate\\Foundation\\PackageManifest->build()
#2 C:\\Users\\JustDoIt\\Desktop\\Laravel-ECommerce-Iyzico\\vendor\\laravel\\framework\\src\\Illuminate\\Foundation\\PackageManifest.php(80): Illuminate\\Foundation\\PackageManifest->getManifest()
#3 C:\\Users\\JustDoIt\\Desktop\\Laravel-ECommerce-Iyzico\\vendor\\laravel\\framework\\src\\Illuminate\\Foundation\\Bootstrap\\RegisterFacades.php(26): Illuminate\\Foundation\\PackageManifest->aliases()
#4 C:\\Users\\JustDoIt\\Desktop\\Laravel-ECommerce-Iyzico\\vendor\\laravel\\framework\\src\\Illuminate\\Foundation\\Application.php(206): Illuminate\\Foundation\\Bootstrap\\RegisterFacades->bootstrap(Object(Illuminate\\Foundation\\Application))
#5 C:\\Users\\JustDoIt\\Desktop\\Laravel-ECommerce-Iyzico\\vendor\\laravel\\framework\\src\\Illuminate\\Foundation\\Console\\Kernel.php(297): Illuminate\\Foundation\\Application->bootstrapWith(Array)
#6 C:\\Users\\JustDoIt\\Desktop\\Laravel-ECommerce-Iyzico\\vendor\\laravel\\framework\\src\\Illuminate\\Foundation\\Console\\Kernel.php(120): Illuminate\\Foundation\\Console\\Kernel->bootstrap()
#7 C:\\Users\\JustDoIt\\Desktop\\Laravel-ECommerce-Iyzico\\artisan(37): Illuminate\\Foundation\\Console\\Kernel->handle(Object(Symfony\\Component\\Console\\Input\\ArgvInput), Object(Symfony\\Component\\Console\\Output\\ConsoleOutput))
#8 {main}
"} 
[2019-06-28 18:22:53] production.ERROR: The C:\Users\JustDoIt\Desktop\Laravel-ECommerce-Iyzico\bootstrap/cache directory must be present and writable. {"exception":"[object] (Exception(code: 0): The C:\\Users\\JustDoIt\\Desktop\\Laravel-ECommerce-Iyzico\\bootstrap/cache directory must be present and writable. at C:\\Users\\JustDoIt\\Desktop\\Laravel-ECommerce-Iyzico\\vendor\\laravel\\framework\\src\\Illuminate\\Foundation\\PackageManifest.php:167)
[stacktrace]
#0 C:\\Users\\JustDoIt\\Desktop\\Laravel-ECommerce-Iyzico\\vendor\\laravel\\framework\\src\\Illuminate\\Foundation\\PackageManifest.php(127): Illuminate\\Foundation\\PackageManifest->write(Array)
#1 C:\\Users\\JustDoIt\\Desktop\\Laravel-ECommerce-Iyzico\\vendor\\laravel\\framework\\src\\Illuminate\\Foundation\\PackageManifest.php(97): Illuminate\\Foundation\\PackageManifest->build()
#2 C:\\Users\\JustDoIt\\Desktop\\Laravel-ECommerce-Iyzico\\vendor\\laravel\\framework\\src\\Illuminate\\Foundation\\PackageManifest.php(80): Illuminate\\Foundation\\PackageManifest->getManifest()
#3 C:\\Users\\JustDoIt\\Desktop\\Laravel-ECommerce-Iyzico\\vendor\\laravel\\framework\\src\\Illuminate\\Foundation\\Bootstrap\\RegisterFacades.php(26): Illuminate\\Foundation\\PackageManifest->aliases()
#4 C:\\Users\\JustDoIt\\Desktop\\Laravel-ECommerce-Iyzico\\vendor\\laravel\\framework\\src\\Illuminate\\Foundation\\Application.php(206): Illuminate\\Foundation\\Bootstrap\\RegisterFacades->bootstrap(Object(Illuminate\\Foundation\\Application))
#5 C:\\Users\\JustDoIt\\Desktop\\Laravel-ECommerce-Iyzico\\vendor\\laravel\\framework\\src\\Illuminate\\Foundation\\Console\\Kernel.php(297): Illuminate\\Foundation\\Application->bootstrapWith(Array)
#6 C:\\Users\\JustDoIt\\Desktop\\Laravel-ECommerce-Iyzico\\vendor\\laravel\\framework\\src\\Illuminate\\Foundation\\Console\\Kernel.php(120): Illuminate\\Foundation\\Console\\Kernel->bootstrap()
#7 C:\\Users\\JustDoIt\\Desktop\\Laravel-ECommerce-Iyzico\\artisan(37): Illuminate\\Foundation\\Console\\Kernel->handle(Object(Symfony\\Component\\Console\\Input\\ArgvInput), Object(Symfony\\Component\\Console\\Output\\ConsoleOutput))
#8 {main}
"} 
[2019-06-28 18:23:54] production.ERROR: The C:\Users\JustDoIt\Desktop\Laravel-ECommerce-Iyzico\bootstrap/cache directory must be present and writable. {"exception":"[object] (Exception(code: 0): The C:\\Users\\JustDoIt\\Desktop\\Laravel-ECommerce-Iyzico\\bootstrap/cache directory must be present and writable. at C:\\Users\\JustDoIt\\Desktop\\Laravel-ECommerce-Iyzico\\vendor\\laravel\\framework\\src\\Illuminate\\Foundation\\PackageManifest.php:167)
[stacktrace]
#0 C:\\Users\\JustDoIt\\Desktop\\Laravel-ECommerce-Iyzico\\vendor\\laravel\\framework\\src\\Illuminate\\Foundation\\PackageManifest.php(127): Illuminate\\Foundation\\PackageManifest->write(Array)
#1 C:\\Users\\JustDoIt\\Desktop\\Laravel-ECommerce-Iyzico\\vendor\\laravel\\framework\\src\\Illuminate\\Foundation\\PackageManifest.php(97): Illuminate\\Foundation\\PackageManifest->build()
#2 C:\\Users\\JustDoIt\\Desktop\\Laravel-ECommerce-Iyzico\\vendor\\laravel\\framework\\src\\Illuminate\\Foundation\\PackageManifest.php(80): Illuminate\\Foundation\\PackageManifest->getManifest()
#3 C:\\Users\\JustDoIt\\Desktop\\Laravel-ECommerce-Iyzico\\vendor\\laravel\\framework\\src\\Illuminate\\Foundation\\Bootstrap\\RegisterFacades.php(26): Illuminate\\Foundation\\PackageManifest->aliases()
#4 C:\\Users\\JustDoIt\\Desktop\\Laravel-ECommerce-Iyzico\\vendor\\laravel\\framework\\src\\Illuminate\\Foundation\\Application.php(206): Illuminate\\Foundation\\Bootstrap\\RegisterFacades->bootstrap(Object(Illuminate\\Foundation\\Application))
#5 C:\\Users\\JustDoIt\\Desktop\\Laravel-ECommerce-Iyzico\\vendor\\laravel\\framework\\src\\Illuminate\\Foundation\\Console\\Kernel.php(297): Illuminate\\Foundation\\Application->bootstrapWith(Array)
#6 C:\\Users\\JustDoIt\\Desktop\\Laravel-ECommerce-Iyzico\\vendor\\laravel\\framework\\src\\Illuminate\\Foundation\\Console\\Kernel.php(120): Illuminate\\Foundation\\Console\\Kernel->bootstrap()
#7 C:\\Users\\JustDoIt\\Desktop\\Laravel-ECommerce-Iyzico\\artisan(37): Illuminate\\Foundation\\Console\\Kernel->handle(Object(Symfony\\Component\\Console\\Input\\ArgvInput), Object(Symfony\\Component\\Console\\Output\\ConsoleOutput))
#8 {main}
"} 
[2019-06-28 18:24:12] local.ERROR: The C:\Users\JustDoIt\Desktop\Laravel-ECommerce-Iyzico\bootstrap/cache directory must be present and writable. {"exception":"[object] (Exception(code: 0): The C:\\Users\\JustDoIt\\Desktop\\Laravel-ECommerce-Iyzico\\bootstrap/cache directory must be present and writable. at C:\\Users\\JustDoIt\\Desktop\\Laravel-ECommerce-Iyzico\\vendor\\laravel\\framework\\src\\Illuminate\\Foundation\\PackageManifest.php:167)
[stacktrace]
#0 C:\\Users\\JustDoIt\\Desktop\\Laravel-ECommerce-Iyzico\\vendor\\laravel\\framework\\src\\Illuminate\\Foundation\\PackageManifest.php(127): Illuminate\\Foundation\\PackageManifest->write(Array)
#1 C:\\Users\\JustDoIt\\Desktop\\Laravel-ECommerce-Iyzico\\vendor\\laravel\\framework\\src\\Illuminate\\Foundation\\PackageManifest.php(97): Illuminate\\Foundation\\PackageManifest->build()
#2 C:\\Users\\JustDoIt\\Desktop\\Laravel-ECommerce-Iyzico\\vendor\\laravel\\framework\\src\\Illuminate\\Foundation\\PackageManifest.php(80): Illuminate\\Foundation\\PackageManifest->getManifest()
#3 C:\\Users\\JustDoIt\\Desktop\\Laravel-ECommerce-Iyzico\\vendor\\laravel\\framework\\src\\Illuminate\\Foundation\\Bootstrap\\RegisterFacades.php(26): Illuminate\\Foundation\\PackageManifest->aliases()
#4 C:\\Users\\JustDoIt\\Desktop\\Laravel-ECommerce-Iyzico\\vendor\\laravel\\framework\\src\\Illuminate\\Foundation\\Application.php(206): Illuminate\\Foundation\\Bootstrap\\RegisterFacades->bootstrap(Object(Illuminate\\Foundation\\Application))
#5 C:\\Users\\JustDoIt\\Desktop\\Laravel-ECommerce-Iyzico\\vendor\\laravel\\framework\\src\\Illuminate\\Foundation\\Console\\Kernel.php(297): Illuminate\\Foundation\\Application->bootstrapWith(Array)
#6 C:\\Users\\JustDoIt\\Desktop\\Laravel-ECommerce-Iyzico\\vendor\\laravel\\framework\\src\\Illuminate\\Foundation\\Console\\Kernel.php(120): Illuminate\\Foundation\\Console\\Kernel->bootstrap()
#7 C:\\Users\\JustDoIt\\Desktop\\Laravel-ECommerce-Iyzico\\artisan(37): Illuminate\\Foundation\\Console\\Kernel->handle(Object(Symfony\\Component\\Console\\Input\\ArgvInput), Object(Symfony\\Component\\Console\\Output\\ConsoleOutput))
#8 {main}
"} 
[2019-06-28 18:24:15] local.ERROR: The C:\Users\JustDoIt\Desktop\Laravel-ECommerce-Iyzico\bootstrap/cache directory must be present and writable. {"exception":"[object] (Exception(code: 0): The C:\\Users\\JustDoIt\\Desktop\\Laravel-ECommerce-Iyzico\\bootstrap/cache directory must be present and writable. at C:\\Users\\JustDoIt\\Desktop\\Laravel-ECommerce-Iyzico\\vendor\\laravel\\framework\\src\\Illuminate\\Foundation\\PackageManifest.php:167)
[stacktrace]
#0 C:\\Users\\JustDoIt\\Desktop\\Laravel-ECommerce-Iyzico\\vendor\\laravel\\framework\\src\\Illuminate\\Foundation\\PackageManifest.php(127): Illuminate\\Foundation\\PackageManifest->write(Array)
#1 C:\\Users\\JustDoIt\\Desktop\\Laravel-ECommerce-Iyzico\\vendor\\laravel\\framework\\src\\Illuminate\\Foundation\\PackageManifest.php(97): Illuminate\\Foundation\\PackageManifest->build()
#2 C:\\Users\\JustDoIt\\Desktop\\Laravel-ECommerce-Iyzico\\vendor\\laravel\\framework\\src\\Illuminate\\Foundation\\PackageManifest.php(80): Illuminate\\Foundation\\PackageManifest->getManifest()
#3 C:\\Users\\JustDoIt\\Desktop\\Laravel-ECommerce-Iyzico\\vendor\\laravel\\framework\\src\\Illuminate\\Foundation\\Bootstrap\\RegisterFacades.php(26): Illuminate\\Foundation\\PackageManifest->aliases()
#4 C:\\Users\\JustDoIt\\Desktop\\Laravel-ECommerce-Iyzico\\vendor\\laravel\\framework\\src\\Illuminate\\Foundation\\Application.php(206): Illuminate\\Foundation\\Bootstrap\\RegisterFacades->bootstrap(Object(Illuminate\\Foundation\\Application))
#5 C:\\Users\\JustDoIt\\Desktop\\Laravel-ECommerce-Iyzico\\vendor\\laravel\\framework\\src\\Illuminate\\Foundation\\Console\\Kernel.php(297): Illuminate\\Foundation\\Application->bootstrapWith(Array)
#6 C:\\Users\\JustDoIt\\Desktop\\Laravel-ECommerce-Iyzico\\vendor\\laravel\\framework\\src\\Illuminate\\Foundation\\Console\\Kernel.php(120): Illuminate\\Foundation\\Console\\Kernel->bootstrap()
#7 C:\\Users\\JustDoIt\\Desktop\\Laravel-ECommerce-Iyzico\\artisan(37): Illuminate\\Foundation\\Console\\Kernel->handle(Object(Symfony\\Component\\Console\\Input\\ArgvInput), Object(Symfony\\Component\\Console\\Output\\ConsoleOutput))
#8 {main}
"} 
[2019-06-28 18:29:16] local.ERROR: The C:\Users\JustDoIt\Desktop\Laravel-ECommerce-Iyzico\bootstrap/cache directory must be present and writable. {"exception":"[object] (Exception(code: 0): The C:\\Users\\JustDoIt\\Desktop\\Laravel-ECommerce-Iyzico\\bootstrap/cache directory must be present and writable. at C:\\Users\\JustDoIt\\Desktop\\Laravel-ECommerce-Iyzico\\vendor\\laravel\\framework\\src\\Illuminate\\Foundation\\PackageManifest.php:167)
[stacktrace]
#0 C:\\Users\\JustDoIt\\Desktop\\Laravel-ECommerce-Iyzico\\vendor\\laravel\\framework\\src\\Illuminate\\Foundation\\PackageManifest.php(127): Illuminate\\Foundation\\PackageManifest->write(Array)
#1 C:\\Users\\JustDoIt\\Desktop\\Laravel-ECommerce-Iyzico\\vendor\\laravel\\framework\\src\\Illuminate\\Foundation\\PackageManifest.php(97): Illuminate\\Foundation\\PackageManifest->build()
#2 C:\\Users\\JustDoIt\\Desktop\\Laravel-ECommerce-Iyzico\\vendor\\laravel\\framework\\src\\Illuminate\\Foundation\\PackageManifest.php(80): Illuminate\\Foundation\\PackageManifest->getManifest()
#3 C:\\Users\\JustDoIt\\Desktop\\Laravel-ECommerce-Iyzico\\vendor\\laravel\\framework\\src\\Illuminate\\Foundation\\Bootstrap\\RegisterFacades.php(26): Illuminate\\Foundation\\PackageManifest->aliases()
#4 C:\\Users\\JustDoIt\\Desktop\\Laravel-ECommerce-Iyzico\\vendor\\laravel\\framework\\src\\Illuminate\\Foundation\\Application.php(206): Illuminate\\Foundation\\Bootstrap\\RegisterFacades->bootstrap(Object(Illuminate\\Foundation\\Application))
#5 C:\\Users\\JustDoIt\\Desktop\\Laravel-ECommerce-Iyzico\\vendor\\laravel\\framework\\src\\Illuminate\\Foundation\\Console\\Kernel.php(297): Illuminate\\Foundation\\Application->bootstrapWith(Array)
#6 C:\\Users\\JustDoIt\\Desktop\\Laravel-ECommerce-Iyzico\\vendor\\laravel\\framework\\src\\Illuminate\\Foundation\\Console\\Kernel.php(120): Illuminate\\Foundation\\Console\\Kernel->bootstrap()
#7 C:\\Users\\JustDoIt\\Desktop\\Laravel-ECommerce-Iyzico\\artisan(37): Illuminate\\Foundation\\Console\\Kernel->handle(Object(Symfony\\Component\\Console\\Input\\ArgvInput), Object(Symfony\\Component\\Console\\Output\\ConsoleOutput))
#8 {main}
"} 
[2019-06-28 18:29:51] local.ERROR: The C:\Users\JustDoIt\Desktop\Laravel-ECommerce-Iyzico\bootstrap/cache directory must be present and writable. {"exception":"[object] (Exception(code: 0): The C:\\Users\\JustDoIt\\Desktop\\Laravel-ECommerce-Iyzico\\bootstrap/cache directory must be present and writable. at C:\\Users\\JustDoIt\\Desktop\\Laravel-ECommerce-Iyzico\\vendor\\laravel\\framework\\src\\Illuminate\\Foundation\\PackageManifest.php:167)
[stacktrace]
#0 C:\\Users\\JustDoIt\\Desktop\\Laravel-ECommerce-Iyzico\\vendor\\laravel\\framework\\src\\Illuminate\\Foundation\\PackageManifest.php(127): Illuminate\\Foundation\\PackageManifest->write(Array)
#1 C:\\Users\\JustDoIt\\Desktop\\Laravel-ECommerce-Iyzico\\vendor\\laravel\\framework\\src\\Illuminate\\Foundation\\PackageManifest.php(97): Illuminate\\Foundation\\PackageManifest->build()
#2 C:\\Users\\JustDoIt\\Desktop\\Laravel-ECommerce-Iyzico\\vendor\\laravel\\framework\\src\\Illuminate\\Foundation\\PackageManifest.php(80): Illuminate\\Foundation\\PackageManifest->getManifest()
#3 C:\\Users\\JustDoIt\\Desktop\\Laravel-ECommerce-Iyzico\\vendor\\laravel\\framework\\src\\Illuminate\\Foundation\\Bootstrap\\RegisterFacades.php(26): Illuminate\\Foundation\\PackageManifest->aliases()
#4 C:\\Users\\JustDoIt\\Desktop\\Laravel-ECommerce-Iyzico\\vendor\\laravel\\framework\\src\\Illuminate\\Foundation\\Application.php(206): Illuminate\\Foundation\\Bootstrap\\RegisterFacades->bootstrap(Object(Illuminate\\Foundation\\Application))
#5 C:\\Users\\JustDoIt\\Desktop\\Laravel-ECommerce-Iyzico\\vendor\\laravel\\framework\\src\\Illuminate\\Foundation\\Console\\Kernel.php(297): Illuminate\\Foundation\\Application->bootstrapWith(Array)
#6 C:\\Users\\JustDoIt\\Desktop\\Laravel-ECommerce-Iyzico\\vendor\\laravel\\framework\\src\\Illuminate\\Foundation\\Console\\Kernel.php(120): Illuminate\\Foundation\\Console\\Kernel->bootstrap()
#7 C:\\Users\\JustDoIt\\Desktop\\Laravel-ECommerce-Iyzico\\artisan(37): Illuminate\\Foundation\\Console\\Kernel->handle(Object(Symfony\\Component\\Console\\Input\\ArgvInput), Object(Symfony\\Component\\Console\\Output\\ConsoleOutput))
#8 {main}
"} 
[2019-06-28 18:34:05] local.ERROR: The C:\Users\JustDoIt\Desktop\Laravel-ECommerce-Iyzico\bootstrap/cache directory must be present and writable. {"exception":"[object] (Exception(code: 0): The C:\\Users\\JustDoIt\\Desktop\\Laravel-ECommerce-Iyzico\\bootstrap/cache directory must be present and writable. at C:\\Users\\JustDoIt\\Desktop\\Laravel-ECommerce-Iyzico\\vendor\\laravel\\framework\\src\\Illuminate\\Foundation\\PackageManifest.php:167)
[stacktrace]
#0 C:\\Users\\JustDoIt\\Desktop\\Laravel-ECommerce-Iyzico\\vendor\\laravel\\framework\\src\\Illuminate\\Foundation\\PackageManifest.php(127): Illuminate\\Foundation\\PackageManifest->write(Array)
#1 C:\\Users\\JustDoIt\\Desktop\\Laravel-ECommerce-Iyzico\\vendor\\laravel\\framework\\src\\Illuminate\\Foundation\\PackageManifest.php(97): Illuminate\\Foundation\\PackageManifest->build()
#2 C:\\Users\\JustDoIt\\Desktop\\Laravel-ECommerce-Iyzico\\vendor\\laravel\\framework\\src\\Illuminate\\Foundation\\PackageManifest.php(80): Illuminate\\Foundation\\PackageManifest->getManifest()
#3 C:\\Users\\JustDoIt\\Desktop\\Laravel-ECommerce-Iyzico\\vendor\\laravel\\framework\\src\\Illuminate\\Foundation\\Bootstrap\\RegisterFacades.php(26): Illuminate\\Foundation\\PackageManifest->aliases()
#4 C:\\Users\\JustDoIt\\Desktop\\Laravel-ECommerce-Iyzico\\vendor\\laravel\\framework\\src\\Illuminate\\Foundation\\Application.php(206): Illuminate\\Foundation\\Bootstrap\\RegisterFacades->bootstrap(Object(Illuminate\\Foundation\\Application))
#5 C:\\Users\\JustDoIt\\Desktop\\Laravel-ECommerce-Iyzico\\vendor\\laravel\\framework\\src\\Illuminate\\Foundation\\Console\\Kernel.php(297): Illuminate\\Foundation\\Application->bootstrapWith(Array)
#6 C:\\Users\\JustDoIt\\Desktop\\Laravel-ECommerce-Iyzico\\vendor\\laravel\\framework\\src\\Illuminate\\Foundation\\Console\\Kernel.php(120): Illuminate\\Foundation\\Console\\Kernel->bootstrap()
#7 C:\\Users\\JustDoIt\\Desktop\\Laravel-ECommerce-Iyzico\\artisan(37): Illuminate\\Foundation\\Console\\Kernel->handle(Object(Symfony\\Component\\Console\\Input\\ArgvInput), Object(Symfony\\Component\\Console\\Output\\ConsoleOutput))
#8 {main}
"} 
[2019-06-28 18:48:36] local.ERROR: The C:\Users\JustDoIt\Desktop\Laravel-ECommerce-Iyzico\bootstrap/cache directory must be present and writable. {"exception":"[object] (Exception(code: 0): The C:\\Users\\JustDoIt\\Desktop\\Laravel-ECommerce-Iyzico\\bootstrap/cache directory must be present and writable. at C:\\Users\\JustDoIt\\Desktop\\Laravel-ECommerce-Iyzico\\vendor\\laravel\\framework\\src\\Illuminate\\Foundation\\PackageManifest.php:167)
[stacktrace]
#0 C:\\Users\\JustDoIt\\Desktop\\Laravel-ECommerce-Iyzico\\vendor\\laravel\\framework\\src\\Illuminate\\Foundation\\PackageManifest.php(127): Illuminate\\Foundation\\PackageManifest->write(Array)
#1 C:\\Users\\JustDoIt\\Desktop\\Laravel-ECommerce-Iyzico\\vendor\\laravel\\framework\\src\\Illuminate\\Foundation\\PackageManifest.php(97): Illuminate\\Foundation\\PackageManifest->build()
#2 C:\\Users\\JustDoIt\\Desktop\\Laravel-ECommerce-Iyzico\\vendor\\laravel\\framework\\src\\Illuminate\\Foundation\\PackageManifest.php(80): Illuminate\\Foundation\\PackageManifest->getManifest()
#3 C:\\Users\\JustDoIt\\Desktop\\Laravel-ECommerce-Iyzico\\vendor\\laravel\\framework\\src\\Illuminate\\Foundation\\Bootstrap\\RegisterFacades.php(26): Illuminate\\Foundation\\PackageManifest->aliases()
#4 C:\\Users\\JustDoIt\\Desktop\\Laravel-ECommerce-Iyzico\\vendor\\laravel\\framework\\src\\Illuminate\\Foundation\\Application.php(206): Illuminate\\Foundation\\Bootstrap\\RegisterFacades->bootstrap(Object(Illuminate\\Foundation\\Application))
#5 C:\\Users\\JustDoIt\\Desktop\\Laravel-ECommerce-Iyzico\\vendor\\laravel\\framework\\src\\Illuminate\\Foundation\\Console\\Kernel.php(297): Illuminate\\Foundation\\Application->bootstrapWith(Array)
#6 C:\\Users\\JustDoIt\\Desktop\\Laravel-ECommerce-Iyzico\\vendor\\laravel\\framework\\src\\Illuminate\\Foundation\\Console\\Kernel.php(120): Illuminate\\Foundation\\Console\\Kernel->bootstrap()
#7 C:\\Users\\JustDoIt\\Desktop\\Laravel-ECommerce-Iyzico\\artisan(37): Illuminate\\Foundation\\Console\\Kernel->handle(Object(Symfony\\Component\\Console\\Input\\ArgvInput), Object(Symfony\\Component\\Console\\Output\\ConsoleOutput))
#8 {main}
"} 
[2019-06-28 18:52:17] local.ERROR: The C:\Users\JustDoIt\Desktop\Laravel-ECommerce-Iyzico\bootstrap/cache directory must be present and writable. {"exception":"[object] (Exception(code: 0): The C:\\Users\\JustDoIt\\Desktop\\Laravel-ECommerce-Iyzico\\bootstrap/cache directory must be present and writable. at C:\\Users\\JustDoIt\\Desktop\\Laravel-ECommerce-Iyzico\\vendor\\laravel\\framework\\src\\Illuminate\\Foundation\\PackageManifest.php:167)
[stacktrace]
#0 C:\\Users\\JustDoIt\\Desktop\\Laravel-ECommerce-Iyzico\\vendor\\laravel\\framework\\src\\Illuminate\\Foundation\\PackageManifest.php(127): Illuminate\\Foundation\\PackageManifest->write(Array)
#1 C:\\Users\\JustDoIt\\Desktop\\Laravel-ECommerce-Iyzico\\vendor\\laravel\\framework\\src\\Illuminate\\Foundation\\PackageManifest.php(97): Illuminate\\Foundation\\PackageManifest->build()
#2 C:\\Users\\JustDoIt\\Desktop\\Laravel-ECommerce-Iyzico\\vendor\\laravel\\framework\\src\\Illuminate\\Foundation\\PackageManifest.php(80): Illuminate\\Foundation\\PackageManifest->getManifest()
#3 C:\\Users\\JustDoIt\\Desktop\\Laravel-ECommerce-Iyzico\\vendor\\laravel\\framework\\src\\Illuminate\\Foundation\\Bootstrap\\RegisterFacades.php(26): Illuminate\\Foundation\\PackageManifest->aliases()
#4 C:\\Users\\JustDoIt\\Desktop\\Laravel-ECommerce-Iyzico\\vendor\\laravel\\framework\\src\\Illuminate\\Foundation\\Application.php(206): Illuminate\\Foundation\\Bootstrap\\RegisterFacades->bootstrap(Object(Illuminate\\Foundation\\Application))
#5 C:\\Users\\JustDoIt\\Desktop\\Laravel-ECommerce-Iyzico\\vendor\\laravel\\framework\\src\\Illuminate\\Foundation\\Console\\Kernel.php(297): Illuminate\\Foundation\\Application->bootstrapWith(Array)
#6 C:\\Users\\JustDoIt\\Desktop\\Laravel-ECommerce-Iyzico\\vendor\\laravel\\framework\\src\\Illuminate\\Foundation\\Console\\Kernel.php(120): Illuminate\\Foundation\\Console\\Kernel->bootstrap()
#7 C:\\Users\\JustDoIt\\Desktop\\Laravel-ECommerce-Iyzico\\artisan(37): Illuminate\\Foundation\\Console\\Kernel->handle(Object(Symfony\\Component\\Console\\Input\\ArgvInput), Object(Symfony\\Component\\Console\\Output\\ConsoleOutput))
#8 {main}
"} 
[2019-06-28 19:02:00] local.ERROR: The C:\Users\JustDoIt\Desktop\Laravel-ECommerce-Iyzico\bootstrap/cache directory must be present and writable. {"exception":"[object] (Exception(code: 0): The C:\\Users\\JustDoIt\\Desktop\\Laravel-ECommerce-Iyzico\\bootstrap/cache directory must be present and writable. at C:\\Users\\JustDoIt\\Desktop\\Laravel-ECommerce-Iyzico\\vendor\\laravel\\framework\\src\\Illuminate\\Foundation\\PackageManifest.php:167)
[stacktrace]
#0 C:\\Users\\JustDoIt\\Desktop\\Laravel-ECommerce-Iyzico\\vendor\\laravel\\framework\\src\\Illuminate\\Foundation\\PackageManifest.php(127): Illuminate\\Foundation\\PackageManifest->write(Array)
#1 C:\\Users\\JustDoIt\\Desktop\\Laravel-ECommerce-Iyzico\\vendor\\laravel\\framework\\src\\Illuminate\\Foundation\\PackageManifest.php(97): Illuminate\\Foundation\\PackageManifest->build()
#2 C:\\Users\\JustDoIt\\Desktop\\Laravel-ECommerce-Iyzico\\vendor\\laravel\\framework\\src\\Illuminate\\Foundation\\PackageManifest.php(80): Illuminate\\Foundation\\PackageManifest->getManifest()
#3 C:\\Users\\JustDoIt\\Desktop\\Laravel-ECommerce-Iyzico\\vendor\\laravel\\framework\\src\\Illuminate\\Foundation\\Bootstrap\\RegisterFacades.php(26): Illuminate\\Foundation\\PackageManifest->aliases()
#4 C:\\Users\\JustDoIt\\Desktop\\Laravel-ECommerce-Iyzico\\vendor\\laravel\\framework\\src\\Illuminate\\Foundation\\Application.php(206): Illuminate\\Foundation\\Bootstrap\\RegisterFacades->bootstrap(Object(Illuminate\\Foundation\\Application))
#5 C:\\Users\\JustDoIt\\Desktop\\Laravel-ECommerce-Iyzico\\vendor\\laravel\\framework\\src\\Illuminate\\Foundation\\Console\\Kernel.php(297): Illuminate\\Foundation\\Application->bootstrapWith(Array)
#6 C:\\Users\\JustDoIt\\Desktop\\Laravel-ECommerce-Iyzico\\vendor\\laravel\\framework\\src\\Illuminate\\Foundation\\Console\\Kernel.php(120): Illuminate\\Foundation\\Console\\Kernel->bootstrap()
#7 C:\\Users\\JustDoIt\\Desktop\\Laravel-ECommerce-Iyzico\\artisan(37): Illuminate\\Foundation\\Console\\Kernel->handle(Object(Symfony\\Component\\Console\\Input\\ArgvInput), Object(Symfony\\Component\\Console\\Output\\ConsoleOutput))
#8 {main}
"} 
[2019-06-28 19:02:31] local.ERROR: The C:\Users\JustDoIt\Desktop\Laravel-ECommerce-Iyzico\bootstrap/cache directory must be present and writable. {"exception":"[object] (Exception(code: 0): The C:\\Users\\JustDoIt\\Desktop\\Laravel-ECommerce-Iyzico\\bootstrap/cache directory must be present and writable. at C:\\Users\\JustDoIt\\Desktop\\Laravel-ECommerce-Iyzico\\vendor\\laravel\\framework\\src\\Illuminate\\Foundation\\PackageManifest.php:167)
[stacktrace]
#0 C:\\Users\\JustDoIt\\Desktop\\Laravel-ECommerce-Iyzico\\vendor\\laravel\\framework\\src\\Illuminate\\Foundation\\PackageManifest.php(127): Illuminate\\Foundation\\PackageManifest->write(Array)
#1 C:\\Users\\JustDoIt\\Desktop\\Laravel-ECommerce-Iyzico\\vendor\\laravel\\framework\\src\\Illuminate\\Foundation\\PackageManifest.php(97): Illuminate\\Foundation\\PackageManifest->build()
#2 C:\\Users\\JustDoIt\\Desktop\\Laravel-ECommerce-Iyzico\\vendor\\laravel\\framework\\src\\Illuminate\\Foundation\\PackageManifest.php(80): Illuminate\\Foundation\\PackageManifest->getManifest()
#3 C:\\Users\\JustDoIt\\Desktop\\Laravel-ECommerce-Iyzico\\vendor\\laravel\\framework\\src\\Illuminate\\Foundation\\Bootstrap\\RegisterFacades.php(26): Illuminate\\Foundation\\PackageManifest->aliases()
#4 C:\\Users\\JustDoIt\\Desktop\\Laravel-ECommerce-Iyzico\\vendor\\laravel\\framework\\src\\Illuminate\\Foundation\\Application.php(206): Illuminate\\Foundation\\Bootstrap\\RegisterFacades->bootstrap(Object(Illuminate\\Foundation\\Application))
#5 C:\\Users\\JustDoIt\\Desktop\\Laravel-ECommerce-Iyzico\\vendor\\laravel\\framework\\src\\Illuminate\\Foundation\\Console\\Kernel.php(297): Illuminate\\Foundation\\Application->bootstrapWith(Array)
#6 C:\\Users\\JustDoIt\\Desktop\\Laravel-ECommerce-Iyzico\\vendor\\laravel\\framework\\src\\Illuminate\\Foundation\\Console\\Kernel.php(120): Illuminate\\Foundation\\Console\\Kernel->bootstrap()
#7 C:\\Users\\JustDoIt\\Desktop\\Laravel-ECommerce-Iyzico\\artisan(37): Illuminate\\Foundation\\Console\\Kernel->handle(Object(Symfony\\Component\\Console\\Input\\ArgvInput), Object(Symfony\\Component\\Console\\Output\\ConsoleOutput))
#8 {main}
"} 
[2019-06-28 19:04:26] local.ERROR: The C:\Users\JustDoIt\Desktop\Laravel-ECommerce-Iyzico\bootstrap/cache directory must be present and writable. {"exception":"[object] (Exception(code: 0): The C:\\Users\\JustDoIt\\Desktop\\Laravel-ECommerce-Iyzico\\bootstrap/cache directory must be present and writable. at C:\\Users\\JustDoIt\\Desktop\\Laravel-ECommerce-Iyzico\\vendor\\laravel\\framework\\src\\Illuminate\\Foundation\\PackageManifest.php:167)
[stacktrace]
#0 C:\\Users\\JustDoIt\\Desktop\\Laravel-ECommerce-Iyzico\\vendor\\laravel\\framework\\src\\Illuminate\\Foundation\\PackageManifest.php(127): Illuminate\\Foundation\\PackageManifest->write(Array)
#1 C:\\Users\\JustDoIt\\Desktop\\Laravel-ECommerce-Iyzico\\vendor\\laravel\\framework\\src\\Illuminate\\Foundation\\PackageManifest.php(97): Illuminate\\Foundation\\PackageManifest->build()
#2 C:\\Users\\JustDoIt\\Desktop\\Laravel-ECommerce-Iyzico\\vendor\\laravel\\framework\\src\\Illuminate\\Foundation\\PackageManifest.php(80): Illuminate\\Foundation\\PackageManifest->getManifest()
#3 C:\\Users\\JustDoIt\\Desktop\\Laravel-ECommerce-Iyzico\\vendor\\laravel\\framework\\src\\Illuminate\\Foundation\\Bootstrap\\RegisterFacades.php(26): Illuminate\\Foundation\\PackageManifest->aliases()
#4 C:\\Users\\JustDoIt\\Desktop\\Laravel-ECommerce-Iyzico\\vendor\\laravel\\framework\\src\\Illuminate\\Foundation\\Application.php(206): Illuminate\\Foundation\\Bootstrap\\RegisterFacades->bootstrap(Object(Illuminate\\Foundation\\Application))
#5 C:\\Users\\JustDoIt\\Desktop\\Laravel-ECommerce-Iyzico\\vendor\\laravel\\framework\\src\\Illuminate\\Foundation\\Console\\Kernel.php(297): Illuminate\\Foundation\\Application->bootstrapWith(Array)
#6 C:\\Users\\JustDoIt\\Desktop\\Laravel-ECommerce-Iyzico\\vendor\\laravel\\framework\\src\\Illuminate\\Foundation\\Console\\Kernel.php(120): Illuminate\\Foundation\\Console\\Kernel->bootstrap()
#7 C:\\Users\\JustDoIt\\Desktop\\Laravel-ECommerce-Iyzico\\artisan(37): Illuminate\\Foundation\\Console\\Kernel->handle(Object(Symfony\\Component\\Console\\Input\\ArgvInput), Object(Symfony\\Component\\Console\\Output\\ConsoleOutput))
#8 {main}
"} 
[2019-06-28 19:08:34] local.ERROR: No application encryption key has been specified. {"exception":"[object] (RuntimeException(code: 0): No application encryption key has been specified. at C:\\Users\\JustDoIt\\Desktop\\Laravel-ECommerce-Iyzico\\vendor\\laravel\\framework\\src\\Illuminate\\Encryption\\EncryptionServiceProvider.php:42)
[stacktrace]
#0 C:\\Users\\JustDoIt\\Desktop\\Laravel-ECommerce-Iyzico\\vendor\\laravel\\framework\\src\\Illuminate\\Support\\helpers.php(1041): Illuminate\\Encryption\\EncryptionServiceProvider->Illuminate\\Encryption\\{closure}('')
#1 C:\\Users\\JustDoIt\\Desktop\\Laravel-ECommerce-Iyzico\\vendor\\laravel\\framework\\src\\Illuminate\\Encryption\\EncryptionServiceProvider.php(46): tap('', Object(Closure))
#2 C:\\Users\\JustDoIt\\Desktop\\Laravel-ECommerce-Iyzico\\vendor\\laravel\\framework\\src\\Illuminate\\Encryption\\EncryptionServiceProvider.php(24): Illuminate\\Encryption\\EncryptionServiceProvider->key(Array)
#3 C:\\Users\\JustDoIt\\Desktop\\Laravel-ECommerce-Iyzico\\vendor\\laravel\\framework\\src\\Illuminate\\Container\\Container.php(764): Illuminate\\Encryption\\EncryptionServiceProvider->Illuminate\\Encryption\\{closure}(Object(Illuminate\\Foundation\\Application), Array)
#4 C:\\Users\\JustDoIt\\Desktop\\Laravel-ECommerce-Iyzico\\vendor\\laravel\\framework\\src\\Illuminate\\Container\\Container.php(646): Illuminate\\Container\\Container->build(Object(Closure))
#5 C:\\Users\\JustDoIt\\Desktop\\Laravel-ECommerce-Iyzico\\vendor\\laravel\\framework\\src\\Illuminate\\Container\\Container.php(601): Illuminate\\Container\\Container->resolve('encrypter', Array)
#6 C:\\Users\\JustDoIt\\Desktop\\Laravel-ECommerce-Iyzico\\vendor\\laravel\\framework\\src\\Illuminate\\Foundation\\Application.php(734): Illuminate\\Container\\Container->make('encrypter', Array)
#7 C:\\Users\\JustDoIt\\Desktop\\Laravel-ECommerce-Iyzico\\vendor\\laravel\\framework\\src\\Illuminate\\Container\\Container.php(900): Illuminate\\Foundation\\Application->make('encrypter')
#8 C:\\Users\\JustDoIt\\Desktop\\Laravel-ECommerce-Iyzico\\vendor\\laravel\\framework\\src\\Illuminate\\Container\\Container.php(828): Illuminate\\Container\\Container->resolveClass(Object(ReflectionParameter))
#9 C:\\Users\\JustDoIt\\Desktop\\Laravel-ECommerce-Iyzico\\vendor\\laravel\\framework\\src\\Illuminate\\Container\\Container.php(794): Illuminate\\Container\\Container->resolveDependencies(Array)
#10 C:\\Users\\JustDoIt\\Desktop\\Laravel-ECommerce-Iyzico\\vendor\\laravel\\framework\\src\\Illuminate\\Container\\Container.php(646): Illuminate\\Container\\Container->build('App\\\\Http\\\\Middle...')
#11 C:\\Users\\JustDoIt\\Desktop\\Laravel-ECommerce-Iyzico\\vendor\\laravel\\framework\\src\\Illuminate\\Container\\Container.php(601): Illuminate\\Container\\Container->resolve('App\\\\Http\\\\Middle...', Array)
#12 C:\\Users\\JustDoIt\\Desktop\\Laravel-ECommerce-Iyzico\\vendor\\laravel\\framework\\src\\Illuminate\\Foundation\\Application.php(734): Illuminate\\Container\\Container->make('App\\\\Http\\\\Middle...', Array)
#13 C:\\Users\\JustDoIt\\Desktop\\Laravel-ECommerce-Iyzico\\vendor\\laravel\\framework\\src\\Illuminate\\Pipeline\\Pipeline.php(140): Illuminate\\Foundation\\Application->make('App\\\\Http\\\\Middle...')
#14 C:\\Users\\JustDoIt\\Desktop\\Laravel-ECommerce-Iyzico\\vendor\\laravel\\framework\\src\\Illuminate\\Routing\\Pipeline.php(53): Illuminate\\Pipeline\\Pipeline->Illuminate\\Pipeline\\{closure}(Object(Illuminate\\Http\\Request))
#15 C:\\Users\\JustDoIt\\Desktop\\Laravel-ECommerce-Iyzico\\vendor\\laravel\\framework\\src\\Illuminate\\Pipeline\\Pipeline.php(104): Illuminate\\Routing\\Pipeline->Illuminate\\Routing\\{closure}(Object(Illuminate\\Http\\Request))
#16 C:\\Users\\JustDoIt\\Desktop\\Laravel-ECommerce-Iyzico\\vendor\\laravel\\framework\\src\\Illuminate\\Routing\\Router.php(667): Illuminate\\Pipeline\\Pipeline->then(Object(Closure))
#17 C:\\Users\\JustDoIt\\Desktop\\Laravel-ECommerce-Iyzico\\vendor\\laravel\\framework\\src\\Illuminate\\Routing\\Router.php(642): Illuminate\\Routing\\Router->runRouteWithinStack(Object(Illuminate\\Routing\\Route), Object(Illuminate\\Http\\Request))
#18 C:\\Users\\JustDoIt\\Desktop\\Laravel-ECommerce-Iyzico\\vendor\\laravel\\framework\\src\\Illuminate\\Routing\\Router.php(608): Illuminate\\Routing\\Router->runRoute(Object(Illuminate\\Http\\Request), Object(Illuminate\\Routing\\Route))
#19 C:\\Users\\JustDoIt\\Desktop\\Laravel-ECommerce-Iyzico\\vendor\\laravel\\framework\\src\\Illuminate\\Routing\\Router.php(597): Illuminate\\Routing\\Router->dispatchToRoute(Object(Illuminate\\Http\\Request))
#20 C:\\Users\\JustDoIt\\Desktop\\Laravel-ECommerce-Iyzico\\vendor\\laravel\\framework\\src\\Illuminate\\Foundation\\Http\\Kernel.php(176): Illuminate\\Routing\\Router->dispatch(Object(Illuminate\\Http\\Request))
#21 C:\\Users\\JustDoIt\\Desktop\\Laravel-ECommerce-Iyzico\\vendor\\laravel\\framework\\src\\Illuminate\\Routing\\Pipeline.php(30): Illuminate\\Foundation\\Http\\Kernel->Illuminate\\Foundation\\Http\\{closure}(Object(Illuminate\\Http\\Request))
#22 C:\\Users\\JustDoIt\\Desktop\\Laravel-ECommerce-Iyzico\\vendor\\barryvdh\\laravel-debugbar\\src\\Middleware\\InjectDebugbar.php(65): Illuminate\\Routing\\Pipeline->Illuminate\\Routing\\{closure}(Object(Illuminate\\Http\\Request))
#23 C:\\Users\\JustDoIt\\Desktop\\Laravel-ECommerce-Iyzico\\vendor\\laravel\\framework\\src\\Illuminate\\Pipeline\\Pipeline.php(151): Barryvdh\\Debugbar\\Middleware\\InjectDebugbar->handle(Object(Illuminate\\Http\\Request), Object(Closure))
#24 C:\\Users\\JustDoIt\\Desktop\\Laravel-ECommerce-Iyzico\\vendor\\laravel\\framework\\src\\Illuminate\\Routing\\Pipeline.php(53): Illuminate\\Pipeline\\Pipeline->Illuminate\\Pipeline\\{closure}(Object(Illuminate\\Http\\Request))
#25 C:\\Users\\JustDoIt\\Desktop\\Laravel-ECommerce-Iyzico\\vendor\\fideloper\\proxy\\src\\TrustProxies.php(57): Illuminate\\Routing\\Pipeline->Illuminate\\Routing\\{closure}(Object(Illuminate\\Http\\Request))
#26 C:\\Users\\JustDoIt\\Desktop\\Laravel-ECommerce-Iyzico\\vendor\\laravel\\framework\\src\\Illuminate\\Pipeline\\Pipeline.php(151): Fideloper\\Proxy\\TrustProxies->handle(Object(Illuminate\\Http\\Request), Object(Closure))
#27 C:\\Users\\JustDoIt\\Desktop\\Laravel-ECommerce-Iyzico\\vendor\\laravel\\framework\\src\\Illuminate\\Routing\\Pipeline.php(53): Illuminate\\Pipeline\\Pipeline->Illuminate\\Pipeline\\{closure}(Object(Illuminate\\Http\\Request))
#28 C:\\Users\\JustDoIt\\Desktop\\Laravel-ECommerce-Iyzico\\vendor\\laravel\\framework\\src\\Illuminate\\Foundation\\Http\\Middleware\\TransformsRequest.php(31): Illuminate\\Routing\\Pipeline->Illuminate\\Routing\\{closure}(Object(Illuminate\\Http\\Request))
#29 C:\\Users\\JustDoIt\\Desktop\\Laravel-ECommerce-Iyzico\\vendor\\laravel\\framework\\src\\Illuminate\\Pipeline\\Pipeline.php(151): Illuminate\\Foundation\\Http\\Middleware\\TransformsRequest->handle(Object(Illuminate\\Http\\Request), Object(Closure))
#30 C:\\Users\\JustDoIt\\Desktop\\Laravel-ECommerce-Iyzico\\vendor\\laravel\\framework\\src\\Illuminate\\Routing\\Pipeline.php(53): Illuminate\\Pipeline\\Pipeline->Illuminate\\Pipeline\\{closure}(Object(Illuminate\\Http\\Request))
#31 C:\\Users\\JustDoIt\\Desktop\\Laravel-ECommerce-Iyzico\\vendor\\laravel\\framework\\src\\Illuminate\\Foundation\\Http\\Middleware\\TransformsRequest.php(31): Illuminate\\Routing\\Pipeline->Illuminate\\Routing\\{closure}(Object(Illuminate\\Http\\Request))
#32 C:\\Users\\JustDoIt\\Desktop\\Laravel-ECommerce-Iyzico\\vendor\\laravel\\framework\\src\\Illuminate\\Pipeline\\Pipeline.php(151): Illuminate\\Foundation\\Http\\Middleware\\TransformsRequest->handle(Object(Illuminate\\Http\\Request), Object(Closure))
#33 C:\\Users\\JustDoIt\\Desktop\\Laravel-ECommerce-Iyzico\\vendor\\laravel\\framework\\src\\Illuminate\\Routing\\Pipeline.php(53): Illuminate\\Pipeline\\Pipeline->Illuminate\\Pipeline\\{closure}(Object(Illuminate\\Http\\Request))
#34 C:\\Users\\JustDoIt\\Desktop\\Laravel-ECommerce-Iyzico\\vendor\\laravel\\framework\\src\\Illuminate\\Foundation\\Http\\Middleware\\ValidatePostSize.php(27): Illuminate\\Routing\\Pipeline->Illuminate\\Routing\\{closure}(Object(Illuminate\\Http\\Request))
#35 C:\\Users\\JustDoIt\\Desktop\\Laravel-ECommerce-Iyzico\\vendor\\laravel\\framework\\src\\Illuminate\\Pipeline\\Pipeline.php(151): Illuminate\\Foundation\\Http\\Middleware\\ValidatePostSize->handle(Object(Illuminate\\Http\\Request), Object(Closure))
#36 C:\\Users\\JustDoIt\\Desktop\\Laravel-ECommerce-Iyzico\\vendor\\laravel\\framework\\src\\Illuminate\\Routing\\Pipeline.php(53): Illuminate\\Pipeline\\Pipeline->Illuminate\\Pipeline\\{closure}(Object(Illuminate\\Http\\Request))
#37 C:\\Users\\JustDoIt\\Desktop\\Laravel-ECommerce-Iyzico\\vendor\\laravel\\framework\\src\\Illuminate\\Foundation\\Http\\Middleware\\CheckForMaintenanceMode.php(62): Illuminate\\Routing\\Pipeline->Illuminate\\Routing\\{closure}(Object(Illuminate\\Http\\Request))
#38 C:\\Users\\JustDoIt\\Desktop\\Laravel-ECommerce-Iyzico\\vendor\\laravel\\framework\\src\\Illuminate\\Pipeline\\Pipeline.php(151): Illuminate\\Foundation\\Http\\Middleware\\CheckForMaintenanceMode->handle(Object(Illuminate\\Http\\Request), Object(Closure))
#39 C:\\Users\\JustDoIt\\Desktop\\Laravel-ECommerce-Iyzico\\vendor\\laravel\\framework\\src\\Illuminate\\Routing\\Pipeline.php(53): Illuminate\\Pipeline\\Pipeline->Illuminate\\Pipeline\\{closure}(Object(Illuminate\\Http\\Request))
#40 C:\\Users\\JustDoIt\\Desktop\\Laravel-ECommerce-Iyzico\\vendor\\laravel\\framework\\src\\Illuminate\\Pipeline\\Pipeline.php(104): Illuminate\\Routing\\Pipeline->Illuminate\\Routing\\{closure}(Object(Illuminate\\Http\\Request))
#41 C:\\Users\\JustDoIt\\Desktop\\Laravel-ECommerce-Iyzico\\vendor\\laravel\\framework\\src\\Illuminate\\Foundation\\Http\\Kernel.php(151): Illuminate\\Pipeline\\Pipeline->then(Object(Closure))
#42 C:\\Users\\JustDoIt\\Desktop\\Laravel-ECommerce-Iyzico\\vendor\\laravel\\framework\\src\\Illuminate\\Foundation\\Http\\Kernel.php(116): Illuminate\\Foundation\\Http\\Kernel->sendRequestThroughRouter(Object(Illuminate\\Http\\Request))
#43 C:\\Users\\JustDoIt\\Desktop\\Laravel-ECommerce-Iyzico\\public\\index.php(55): Illuminate\\Foundation\\Http\\Kernel->handle(Object(Illuminate\\Http\\Request))
#44 C:\\Users\\JustDoIt\\Desktop\\Laravel-ECommerce-Iyzico\\server.php(21): require_once('C:\\\\Users\\\\JustDo...')
#45 {main}
"} 
[2019-06-28 19:08:35] local.ERROR: No application encryption key has been specified. {"exception":"[object] (RuntimeException(code: 0): No application encryption key has been specified. at C:\\Users\\JustDoIt\\Desktop\\Laravel-ECommerce-Iyzico\\vendor\\laravel\\framework\\src\\Illuminate\\Encryption\\EncryptionServiceProvider.php:42)
[stacktrace]
#0 C:\\Users\\JustDoIt\\Desktop\\Laravel-ECommerce-Iyzico\\vendor\\laravel\\framework\\src\\Illuminate\\Support\\helpers.php(1041): Illuminate\\Encryption\\EncryptionServiceProvider->Illuminate\\Encryption\\{closure}('')
#1 C:\\Users\\JustDoIt\\Desktop\\Laravel-ECommerce-Iyzico\\vendor\\laravel\\framework\\src\\Illuminate\\Encryption\\EncryptionServiceProvider.php(46): tap('', Object(Closure))
#2 C:\\Users\\JustDoIt\\Desktop\\Laravel-ECommerce-Iyzico\\vendor\\laravel\\framework\\src\\Illuminate\\Encryption\\EncryptionServiceProvider.php(24): Illuminate\\Encryption\\EncryptionServiceProvider->key(Array)
#3 C:\\Users\\JustDoIt\\Desktop\\Laravel-ECommerce-Iyzico\\vendor\\laravel\\framework\\src\\Illuminate\\Container\\Container.php(764): Illuminate\\Encryption\\EncryptionServiceProvider->Illuminate\\Encryption\\{closure}(Object(Illuminate\\Foundation\\Application), Array)
#4 C:\\Users\\JustDoIt\\Desktop\\Laravel-ECommerce-Iyzico\\vendor\\laravel\\framework\\src\\Illuminate\\Container\\Container.php(646): Illuminate\\Container\\Container->build(Object(Closure))
#5 C:\\Users\\JustDoIt\\Desktop\\Laravel-ECommerce-Iyzico\\vendor\\laravel\\framework\\src\\Illuminate\\Container\\Container.php(601): Illuminate\\Container\\Container->resolve('encrypter', Array)
#6 C:\\Users\\JustDoIt\\Desktop\\Laravel-ECommerce-Iyzico\\vendor\\laravel\\framework\\src\\Illuminate\\Foundation\\Application.php(734): Illuminate\\Container\\Container->make('encrypter', Array)
#7 C:\\Users\\JustDoIt\\Desktop\\Laravel-ECommerce-Iyzico\\vendor\\laravel\\framework\\src\\Illuminate\\Container\\Container.php(900): Illuminate\\Foundation\\Application->make('encrypter')
#8 C:\\Users\\JustDoIt\\Desktop\\Laravel-ECommerce-Iyzico\\vendor\\laravel\\framework\\src\\Illuminate\\Container\\Container.php(828): Illuminate\\Container\\Container->resolveClass(Object(ReflectionParameter))
#9 C:\\Users\\JustDoIt\\Desktop\\Laravel-ECommerce-Iyzico\\vendor\\laravel\\framework\\src\\Illuminate\\Container\\Container.php(794): Illuminate\\Container\\Container->resolveDependencies(Array)
#10 C:\\Users\\JustDoIt\\Desktop\\Laravel-ECommerce-Iyzico\\vendor\\laravel\\framework\\src\\Illuminate\\Container\\Container.php(646): Illuminate\\Container\\Container->build('App\\\\Http\\\\Middle...')
#11 C:\\Users\\JustDoIt\\Desktop\\Laravel-ECommerce-Iyzico\\vendor\\laravel\\framework\\src\\Illuminate\\Container\\Container.php(601): Illuminate\\Container\\Container->resolve('App\\\\Http\\\\Middle...', Array)
#12 C:\\Users\\JustDoIt\\Desktop\\Laravel-ECommerce-Iyzico\\vendor\\laravel\\framework\\src\\Illuminate\\Foundation\\Application.php(734): Illuminate\\Container\\Container->make('App\\\\Http\\\\Middle...', Array)
#13 C:\\Users\\JustDoIt\\Desktop\\Laravel-ECommerce-Iyzico\\vendor\\laravel\\framework\\src\\Illuminate\\Foundation\\Http\\Kernel.php(215): Illuminate\\Foundation\\Application->make('App\\\\Http\\\\Middle...')
#14 C:\\Users\\JustDoIt\\Desktop\\Laravel-ECommerce-Iyzico\\vendor\\laravel\\framework\\src\\Illuminate\\Foundation\\Http\\Kernel.php(189): Illuminate\\Foundation\\Http\\Kernel->terminateMiddleware(Object(Illuminate\\Http\\Request), Object(Illuminate\\Http\\Response))
#15 C:\\Users\\JustDoIt\\Desktop\\Laravel-ECommerce-Iyzico\\public\\index.php(60): Illuminate\\Foundation\\Http\\Kernel->terminate(Object(Illuminate\\Http\\Request), Object(Illuminate\\Http\\Response))
#16 C:\\Users\\JustDoIt\\Desktop\\Laravel-ECommerce-Iyzico\\server.php(21): require_once('C:\\\\Users\\\\JustDo...')
#17 {main}
"} 
[2019-06-28 19:09:25] local.ERROR: SQLSTATE[HY000] [2002] No connection could be made because the target machine actively refused it.
 (SQL: select * from `categories` order by `category_name` asc) {"exception":"[object] (Illuminate\\Database\\QueryException(code: 2002): SQLSTATE[HY000] [2002] No connection could be made because the target machine actively refused it.
 (SQL: select * from `categories` order by `category_name` asc) at C:\\Users\\JustDoIt\\Desktop\\Laravel-ECommerce-Iyzico\\vendor\\laravel\\framework\\src\\Illuminate\\Database\\Connection.php:664, PDOException(code: 2002): SQLSTATE[HY000] [2002] No connection could be made because the target machine actively refused it.
 at C:\\Users\\JustDoIt\\Desktop\\Laravel-ECommerce-Iyzico\\vendor\\laravel\\framework\\src\\Illuminate\\Database\\Connectors\\Connector.php:68)
[stacktrace]
#0 C:\\Users\\JustDoIt\\Desktop\\Laravel-ECommerce-Iyzico\\vendor\\laravel\\framework\\src\\Illuminate\\Database\\Connection.php(624): Illuminate\\Database\\Connection->runQueryCallback('select * from `...', Array, Object(Closure))
#1 C:\\Users\\JustDoIt\\Desktop\\Laravel-ECommerce-Iyzico\\vendor\\laravel\\framework\\src\\Illuminate\\Database\\Connection.php(333): Illuminate\\Database\\Connection->run('select * from `...', Array, Object(Closure))
#2 C:\\Users\\JustDoIt\\Desktop\\Laravel-ECommerce-Iyzico\\vendor\\laravel\\framework\\src\\Illuminate\\Database\\Query\\Builder.php(1963): Illuminate\\Database\\Connection->select('select * from `...', Array, true)
#3 C:\\Users\\JustDoIt\\Desktop\\Laravel-ECommerce-Iyzico\\vendor\\laravel\\framework\\src\\Illuminate\\Database\\Query\\Builder.php(1951): Illuminate\\Database\\Query\\Builder->runSelect()
#4 C:\\Users\\JustDoIt\\Desktop\\Laravel-ECommerce-Iyzico\\vendor\\laravel\\framework\\src\\Illuminate\\Database\\Query\\Builder.php(2435): Illuminate\\Database\\Query\\Builder->Illuminate\\Database\\Query\\{closure}()
#5 C:\\Users\\JustDoIt\\Desktop\\Laravel-ECommerce-Iyzico\\vendor\\laravel\\framework\\src\\Illuminate\\Database\\Query\\Builder.php(1952): Illuminate\\Database\\Query\\Builder->onceWithColumns(Array, Object(Closure))
#6 C:\\Users\\JustDoIt\\Desktop\\Laravel-ECommerce-Iyzico\\vendor\\laravel\\framework\\src\\Illuminate\\Database\\Eloquent\\Builder.php(481): Illuminate\\Database\\Query\\Builder->get(Array)
#7 C:\\Users\\JustDoIt\\Desktop\\Laravel-ECommerce-Iyzico\\vendor\\laravel\\framework\\src\\Illuminate\\Database\\Eloquent\\Builder.php(465): Illuminate\\Database\\Eloquent\\Builder->getModels(Array)
#8 C:\\Users\\JustDoIt\\Desktop\\Laravel-ECommerce-Iyzico\\app\\Http\\Controllers\\HomeController.php(17): Illuminate\\Database\\Eloquent\\Builder->get()
#9 [internal function]: App\\Http\\Controllers\\HomeController->index()
#10 C:\\Users\\JustDoIt\\Desktop\\Laravel-ECommerce-Iyzico\\vendor\\laravel\\framework\\src\\Illuminate\\Routing\\Controller.php(54): call_user_func_array(Array, Array)
#11 C:\\Users\\JustDoIt\\Desktop\\Laravel-ECommerce-Iyzico\\vendor\\laravel\\framework\\src\\Illuminate\\Routing\\ControllerDispatcher.php(45): Illuminate\\Routing\\Controller->callAction('index', Array)
#12 C:\\Users\\JustDoIt\\Desktop\\Laravel-ECommerce-Iyzico\\vendor\\laravel\\framework\\src\\Illuminate\\Routing\\Route.php(212): Illuminate\\Routing\\ControllerDispatcher->dispatch(Object(Illuminate\\Routing\\Route), Object(App\\Http\\Controllers\\HomeController), 'index')
#13 C:\\Users\\JustDoIt\\Desktop\\Laravel-ECommerce-Iyzico\\vendor\\laravel\\framework\\src\\Illuminate\\Routing\\Route.php(169): Illuminate\\Routing\\Route->runController()
#14 C:\\Users\\JustDoIt\\Desktop\\Laravel-ECommerce-Iyzico\\vendor\\laravel\\framework\\src\\Illuminate\\Routing\\Router.php(665): Illuminate\\Routing\\Route->run()
#15 C:\\Users\\JustDoIt\\Desktop\\Laravel-ECommerce-Iyzico\\vendor\\laravel\\framework\\src\\Illuminate\\Routing\\Pipeline.php(30): Illuminate\\Routing\\Router->Illuminate\\Routing\\{closure}(Object(Illuminate\\Http\\Request))
#16 C:\\Users\\JustDoIt\\Desktop\\Laravel-ECommerce-Iyzico\\vendor\\laravel\\framework\\src\\Illuminate\\Routing\\Middleware\\SubstituteBindings.php(41): Illuminate\\Routing\\Pipeline->Illuminate\\Routing\\{closure}(Object(Illuminate\\Http\\Request))
#17 C:\\Users\\JustDoIt\\Desktop\\Laravel-ECommerce-Iyzico\\vendor\\laravel\\framework\\src\\Illuminate\\Pipeline\\Pipeline.php(151): Illuminate\\Routing\\Middleware\\SubstituteBindings->handle(Object(Illuminate\\Http\\Request), Object(Closure))
#18 C:\\Users\\JustDoIt\\Desktop\\Laravel-ECommerce-Iyzico\\vendor\\laravel\\framework\\src\\Illuminate\\Routing\\Pipeline.php(53): Illuminate\\Pipeline\\Pipeline->Illuminate\\Pipeline\\{closure}(Object(Illuminate\\Http\\Request))
#19 C:\\Users\\JustDoIt\\Desktop\\Laravel-ECommerce-Iyzico\\vendor\\laravel\\framework\\src\\Illuminate\\Foundation\\Http\\Middleware\\VerifyCsrfToken.php(68): Illuminate\\Routing\\Pipeline->Illuminate\\Routing\\{closure}(Object(Illuminate\\Http\\Request))
#20 C:\\Users\\JustDoIt\\Desktop\\Laravel-ECommerce-Iyzico\\vendor\\laravel\\framework\\src\\Illuminate\\Pipeline\\Pipeline.php(151): Illuminate\\Foundation\\Http\\Middleware\\VerifyCsrfToken->handle(Object(Illuminate\\Http\\Request), Object(Closure))
#21 C:\\Users\\JustDoIt\\Desktop\\Laravel-ECommerce-Iyzico\\vendor\\laravel\\framework\\src\\Illuminate\\Routing\\Pipeline.php(53): Illuminate\\Pipeline\\Pipeline->Illuminate\\Pipeline\\{closure}(Object(Illuminate\\Http\\Request))
#22 C:\\Users\\JustDoIt\\Desktop\\Laravel-ECommerce-Iyzico\\vendor\\laravel\\framework\\src\\Illuminate\\View\\Middleware\\ShareErrorsFromSession.php(49): Illuminate\\Routing\\Pipeline->Illuminate\\Routing\\{closure}(Object(Illuminate\\Http\\Request))
#23 C:\\Users\\JustDoIt\\Desktop\\Laravel-ECommerce-Iyzico\\vendor\\laravel\\framework\\src\\Illuminate\\Pipeline\\Pipeline.php(151): Illuminate\\View\\Middleware\\ShareErrorsFromSession->handle(Object(Illuminate\\Http\\Request), Object(Closure))
#24 C:\\Users\\JustDoIt\\Desktop\\Laravel-ECommerce-Iyzico\\vendor\\laravel\\framework\\src\\Illuminate\\Routing\\Pipeline.php(53): Illuminate\\Pipeline\\Pipeline->Illuminate\\Pipeline\\{closure}(Object(Illuminate\\Http\\Request))
#25 C:\\Users\\JustDoIt\\Desktop\\Laravel-ECommerce-Iyzico\\vendor\\laravel\\framework\\src\\Illuminate\\Session\\Middleware\\StartSession.php(63): Illuminate\\Routing\\Pipeline->Illuminate\\Routing\\{closure}(Object(Illuminate\\Http\\Request))
#26 C:\\Users\\JustDoIt\\Desktop\\Laravel-ECommerce-Iyzico\\vendor\\laravel\\framework\\src\\Illuminate\\Pipeline\\Pipeline.php(151): Illuminate\\Session\\Middleware\\StartSession->handle(Object(Illuminate\\Http\\Request), Object(Closure))
#27 C:\\Users\\JustDoIt\\Desktop\\Laravel-ECommerce-Iyzico\\vendor\\laravel\\framework\\src\\Illuminate\\Routing\\Pipeline.php(53): Illuminate\\Pipeline\\Pipeline->Illuminate\\Pipeline\\{closure}(Object(Illuminate\\Http\\Request))
#28 C:\\Users\\JustDoIt\\Desktop\\Laravel-ECommerce-Iyzico\\vendor\\laravel\\framework\\src\\Illuminate\\Cookie\\Middleware\\AddQueuedCookiesToResponse.php(37): Illuminate\\Routing\\Pipeline->Illuminate\\Routing\\{closure}(Object(Illuminate\\Http\\Request))
#29 C:\\Users\\JustDoIt\\Desktop\\Laravel-ECommerce-Iyzico\\vendor\\laravel\\framework\\src\\Illuminate\\Pipeline\\Pipeline.php(151): Illuminate\\Cookie\\Middleware\\AddQueuedCookiesToResponse->handle(Object(Illuminate\\Http\\Request), Object(Closure))
#30 C:\\Users\\JustDoIt\\Desktop\\Laravel-ECommerce-Iyzico\\vendor\\laravel\\framework\\src\\Illuminate\\Routing\\Pipeline.php(53): Illuminate\\Pipeline\\Pipeline->Illuminate\\Pipeline\\{closure}(Object(Illuminate\\Http\\Request))
#31 C:\\Users\\JustDoIt\\Desktop\\Laravel-ECommerce-Iyzico\\vendor\\laravel\\framework\\src\\Illuminate\\Cookie\\Middleware\\EncryptCookies.php(66): Illuminate\\Routing\\Pipeline->Illuminate\\Routing\\{closure}(Object(Illuminate\\Http\\Request))
#32 C:\\Users\\JustDoIt\\Desktop\\Laravel-ECommerce-Iyzico\\vendor\\laravel\\framework\\src\\Illuminate\\Pipeline\\Pipeline.php(151): Illuminate\\Cookie\\Middleware\\EncryptCookies->handle(Object(Illuminate\\Http\\Request), Object(Closure))
#33 C:\\Users\\JustDoIt\\Desktop\\Laravel-ECommerce-Iyzico\\vendor\\laravel\\framework\\src\\Illuminate\\Routing\\Pipeline.php(53): Illuminate\\Pipeline\\Pipeline->Illuminate\\Pipeline\\{closure}(Object(Illuminate\\Http\\Request))
#34 C:\\Users\\JustDoIt\\Desktop\\Laravel-ECommerce-Iyzico\\vendor\\laravel\\framework\\src\\Illuminate\\Pipeline\\Pipeline.php(104): Illuminate\\Routing\\Pipeline->Illuminate\\Routing\\{closure}(Object(Illuminate\\Http\\Request))
#35 C:\\Users\\JustDoIt\\Desktop\\Laravel-ECommerce-Iyzico\\vendor\\laravel\\framework\\src\\Illuminate\\Routing\\Router.php(667): Illuminate\\Pipeline\\Pipeline->then(Object(Closure))
#36 C:\\Users\\JustDoIt\\Desktop\\Laravel-ECommerce-Iyzico\\vendor\\laravel\\framework\\src\\Illuminate\\Routing\\Router.php(642): Illuminate\\Routing\\Router->runRouteWithinStack(Object(Illuminate\\Routing\\Route), Object(Illuminate\\Http\\Request))
#37 C:\\Users\\JustDoIt\\Desktop\\Laravel-ECommerce-Iyzico\\vendor\\laravel\\framework\\src\\Illuminate\\Routing\\Router.php(608): Illuminate\\Routing\\Router->runRoute(Object(Illuminate\\Http\\Request), Object(Illuminate\\Routing\\Route))
#38 C:\\Users\\JustDoIt\\Desktop\\Laravel-ECommerce-Iyzico\\vendor\\laravel\\framework\\src\\Illuminate\\Routing\\Router.php(597): Illuminate\\Routing\\Router->dispatchToRoute(Object(Illuminate\\Http\\Request))
#39 C:\\Users\\JustDoIt\\Desktop\\Laravel-ECommerce-Iyzico\\vendor\\laravel\\framework\\src\\Illuminate\\Foundation\\Http\\Kernel.php(176): Illuminate\\Routing\\Router->dispatch(Object(Illuminate\\Http\\Request))
#40 C:\\Users\\JustDoIt\\Desktop\\Laravel-ECommerce-Iyzico\\vendor\\laravel\\framework\\src\\Illuminate\\Routing\\Pipeline.php(30): Illuminate\\Foundation\\Http\\Kernel->Illuminate\\Foundation\\Http\\{closure}(Object(Illuminate\\Http\\Request))
#41 C:\\Users\\JustDoIt\\Desktop\\Laravel-ECommerce-Iyzico\\vendor\\barryvdh\\laravel-debugbar\\src\\Middleware\\InjectDebugbar.php(65): Illuminate\\Routing\\Pipeline->Illuminate\\Routing\\{closure}(Object(Illuminate\\Http\\Request))
#42 C:\\Users\\JustDoIt\\Desktop\\Laravel-ECommerce-Iyzico\\vendor\\laravel\\framework\\src\\Illuminate\\Pipeline\\Pipeline.php(151): Barryvdh\\Debugbar\\Middleware\\InjectDebugbar->handle(Object(Illuminate\\Http\\Request), Object(Closure))
#43 C:\\Users\\JustDoIt\\Desktop\\Laravel-ECommerce-Iyzico\\vendor\\laravel\\framework\\src\\Illuminate\\Routing\\Pipeline.php(53): Illuminate\\Pipeline\\Pipeline->Illuminate\\Pipeline\\{closure}(Object(Illuminate\\Http\\Request))
#44 C:\\Users\\JustDoIt\\Desktop\\Laravel-ECommerce-Iyzico\\vendor\\fideloper\\proxy\\src\\TrustProxies.php(57): Illuminate\\Routing\\Pipeline->Illuminate\\Routing\\{closure}(Object(Illuminate\\Http\\Request))
#45 C:\\Users\\JustDoIt\\Desktop\\Laravel-ECommerce-Iyzico\\vendor\\laravel\\framework\\src\\Illuminate\\Pipeline\\Pipeline.php(151): Fideloper\\Proxy\\TrustProxies->handle(Object(Illuminate\\Http\\Request), Object(Closure))
#46 C:\\Users\\JustDoIt\\Desktop\\Laravel-ECommerce-Iyzico\\vendor\\laravel\\framework\\src\\Illuminate\\Routing\\Pipeline.php(53): Illuminate\\Pipeline\\Pipeline->Illuminate\\Pipeline\\{closure}(Object(Illuminate\\Http\\Request))
#47 C:\\Users\\JustDoIt\\Desktop\\Laravel-ECommerce-Iyzico\\vendor\\laravel\\framework\\src\\Illuminate\\Foundation\\Http\\Middleware\\TransformsRequest.php(31): Illuminate\\Routing\\Pipeline->Illuminate\\Routing\\{closure}(Object(Illuminate\\Http\\Request))
#48 C:\\Users\\JustDoIt\\Desktop\\Laravel-ECommerce-Iyzico\\vendor\\laravel\\framework\\src\\Illuminate\\Pipeline\\Pipeline.php(151): Illuminate\\Foundation\\Http\\Middleware\\TransformsRequest->handle(Object(Illuminate\\Http\\Request), Object(Closure))
#49 C:\\Users\\JustDoIt\\Desktop\\Laravel-ECommerce-Iyzico\\vendor\\laravel\\framework\\src\\Illuminate\\Routing\\Pipeline.php(53): Illuminate\\Pipeline\\Pipeline->Illuminate\\Pipeline\\{closure}(Object(Illuminate\\Http\\Request))
#50 C:\\Users\\JustDoIt\\Desktop\\Laravel-ECommerce-Iyzico\\vendor\\laravel\\framework\\src\\Illuminate\\Foundation\\Http\\Middleware\\TransformsRequest.php(31): Illuminate\\Routing\\Pipeline->Illuminate\\Routing\\{closure}(Object(Illuminate\\Http\\Request))
#51 C:\\Users\\JustDoIt\\Desktop\\Laravel-ECommerce-Iyzico\\vendor\\laravel\\framework\\src\\Illuminate\\Pipeline\\Pipeline.php(151): Illuminate\\Foundation\\Http\\Middleware\\TransformsRequest->handle(Object(Illuminate\\Http\\Request), Object(Closure))
#52 C:\\Users\\JustDoIt\\Desktop\\Laravel-ECommerce-Iyzico\\vendor\\laravel\\framework\\src\\Illuminate\\Routing\\Pipeline.php(53): Illuminate\\Pipeline\\Pipeline->Illuminate\\Pipeline\\{closure}(Object(Illuminate\\Http\\Request))
#53 C:\\Users\\JustDoIt\\Desktop\\Laravel-ECommerce-Iyzico\\vendor\\laravel\\framework\\src\\Illuminate\\Foundation\\Http\\Middleware\\ValidatePostSize.php(27): Illuminate\\Routing\\Pipeline->Illuminate\\Routing\\{closure}(Object(Illuminate\\Http\\Request))
#54 C:\\Users\\JustDoIt\\Desktop\\Laravel-ECommerce-Iyzico\\vendor\\laravel\\framework\\src\\Illuminate\\Pipeline\\Pipeline.php(151): Illuminate\\Foundation\\Http\\Middleware\\ValidatePostSize->handle(Object(Illuminate\\Http\\Request), Object(Closure))
#55 C:\\Users\\JustDoIt\\Desktop\\Laravel-ECommerce-Iyzico\\vendor\\laravel\\framework\\src\\Illuminate\\Routing\\Pipeline.php(53): Illuminate\\Pipeline\\Pipeline->Illuminate\\Pipeline\\{closure}(Object(Illuminate\\Http\\Request))
#56 C:\\Users\\JustDoIt\\Desktop\\Laravel-ECommerce-Iyzico\\vendor\\laravel\\framework\\src\\Illuminate\\Foundation\\Http\\Middleware\\CheckForMaintenanceMode.php(62): Illuminate\\Routing\\Pipeline->Illuminate\\Routing\\{closure}(Object(Illuminate\\Http\\Request))
#57 C:\\Users\\JustDoIt\\Desktop\\Laravel-ECommerce-Iyzico\\vendor\\laravel\\framework\\src\\Illuminate\\Pipeline\\Pipeline.php(151): Illuminate\\Foundation\\Http\\Middleware\\CheckForMaintenanceMode->handle(Object(Illuminate\\Http\\Request), Object(Closure))
#58 C:\\Users\\JustDoIt\\Desktop\\Laravel-ECommerce-Iyzico\\vendor\\laravel\\framework\\src\\Illuminate\\Routing\\Pipeline.php(53): Illuminate\\Pipeline\\Pipeline->Illuminate\\Pipeline\\{closure}(Object(Illuminate\\Http\\Request))
#59 C:\\Users\\JustDoIt\\Desktop\\Laravel-ECommerce-Iyzico\\vendor\\laravel\\framework\\src\\Illuminate\\Pipeline\\Pipeline.php(104): Illuminate\\Routing\\Pipeline->Illuminate\\Routing\\{closure}(Object(Illuminate\\Http\\Request))
#60 C:\\Users\\JustDoIt\\Desktop\\Laravel-ECommerce-Iyzico\\vendor\\laravel\\framework\\src\\Illuminate\\Foundation\\Http\\Kernel.php(151): Illuminate\\Pipeline\\Pipeline->then(Object(Closure))
#61 C:\\Users\\JustDoIt\\Desktop\\Laravel-ECommerce-Iyzico\\vendor\\laravel\\framework\\src\\Illuminate\\Foundation\\Http\\Kernel.php(116): Illuminate\\Foundation\\Http\\Kernel->sendRequestThroughRouter(Object(Illuminate\\Http\\Request))
#62 C:\\Users\\JustDoIt\\Desktop\\Laravel-ECommerce-Iyzico\\public\\index.php(55): Illuminate\\Foundation\\Http\\Kernel->handle(Object(Illuminate\\Http\\Request))
#63 C:\\Users\\JustDoIt\\Desktop\\Laravel-ECommerce-Iyzico\\server.php(21): require_once('C:\\\\Users\\\\JustDo...')
#64 {main}
"} 
[2019-06-28 19:09:49] local.ERROR: The "--sead" option does not exist. {"exception":"[object] (Symfony\\Component\\Console\\Exception\\RuntimeException(code: 0): The \"--sead\" option does not exist. at C:\\Users\\JustDoIt\\Desktop\\Laravel-ECommerce-Iyzico\\vendor\\symfony\\console\\Input\\ArgvInput.php:218)
[stacktrace]
#0 C:\\Users\\JustDoIt\\Desktop\\Laravel-ECommerce-Iyzico\\vendor\\symfony\\console\\Input\\ArgvInput.php(154): Symfony\\Component\\Console\\Input\\ArgvInput->addLongOption('sead', NULL)
#1 C:\\Users\\JustDoIt\\Desktop\\Laravel-ECommerce-Iyzico\\vendor\\symfony\\console\\Input\\ArgvInput.php(82): Symfony\\Component\\Console\\Input\\ArgvInput->parseLongOption('--sead')
#2 C:\\Users\\JustDoIt\\Desktop\\Laravel-ECommerce-Iyzico\\vendor\\symfony\\console\\Input\\Input.php(55): Symfony\\Component\\Console\\Input\\ArgvInput->parse()
#3 C:\\Users\\JustDoIt\\Desktop\\Laravel-ECommerce-Iyzico\\vendor\\symfony\\console\\Command\\Command.php(214): Symfony\\Component\\Console\\Input\\Input->bind(Object(Symfony\\Component\\Console\\Input\\InputDefinition))
#4 C:\\Users\\JustDoIt\\Desktop\\Laravel-ECommerce-Iyzico\\vendor\\laravel\\framework\\src\\Illuminate\\Console\\Command.php(166): Symfony\\Component\\Console\\Command\\Command->run(Object(Symfony\\Component\\Console\\Input\\ArgvInput), Object(Illuminate\\Console\\OutputStyle))
#5 C:\\Users\\JustDoIt\\Desktop\\Laravel-ECommerce-Iyzico\\vendor\\symfony\\console\\Application.php(921): Illuminate\\Console\\Command->run(Object(Symfony\\Component\\Console\\Input\\ArgvInput), Object(Symfony\\Component\\Console\\Output\\ConsoleOutput))
#6 C:\\Users\\JustDoIt\\Desktop\\Laravel-ECommerce-Iyzico\\vendor\\symfony\\console\\Application.php(273): Symfony\\Component\\Console\\Application->doRunCommand(Object(Illuminate\\Database\\Console\\Migrations\\MigrateCommand), Object(Symfony\\Component\\Console\\Input\\ArgvInput), Object(Symfony\\Component\\Console\\Output\\ConsoleOutput))
#7 C:\\Users\\JustDoIt\\Desktop\\Laravel-ECommerce-Iyzico\\vendor\\symfony\\console\\Application.php(149): Symfony\\Component\\Console\\Application->doRun(Object(Symfony\\Component\\Console\\Input\\ArgvInput), Object(Symfony\\Component\\Console\\Output\\ConsoleOutput))
#8 C:\\Users\\JustDoIt\\Desktop\\Laravel-ECommerce-Iyzico\\vendor\\laravel\\framework\\src\\Illuminate\\Console\\Application.php(89): Symfony\\Component\\Console\\Application->run(Object(Symfony\\Component\\Console\\Input\\ArgvInput), Object(Symfony\\Component\\Console\\Output\\ConsoleOutput))
#9 C:\\Users\\JustDoIt\\Desktop\\Laravel-ECommerce-Iyzico\\vendor\\laravel\\framework\\src\\Illuminate\\Foundation\\Console\\Kernel.php(122): Illuminate\\Console\\Application->run(Object(Symfony\\Component\\Console\\Input\\ArgvInput), Object(Symfony\\Component\\Console\\Output\\ConsoleOutput))
#10 C:\\Users\\JustDoIt\\Desktop\\Laravel-ECommerce-Iyzico\\artisan(37): Illuminate\\Foundation\\Console\\Kernel->handle(Object(Symfony\\Component\\Console\\Input\\ArgvInput), Object(Symfony\\Component\\Console\\Output\\ConsoleOutput))
#11 {main}
"} 
[2019-06-28 19:09:56] local.ERROR: SQLSTATE[HY000] [2002] No connection could be made because the target machine actively refused it.
 (SQL: select * from information_schema.tables where table_schema = ec and table_name = migrations) {"exception":"[object] (Illuminate\\Database\\QueryException(code: 2002): SQLSTATE[HY000] [2002] No connection could be made because the target machine actively refused it.
 (SQL: select * from information_schema.tables where table_schema = ec and table_name = migrations) at C:\\Users\\JustDoIt\\Desktop\\Laravel-ECommerce-Iyzico\\vendor\\laravel\\framework\\src\\Illuminate\\Database\\Connection.php:664, PDOException(code: 2002): SQLSTATE[HY000] [2002] No connection could be made because the target machine actively refused it.
 at C:\\Users\\JustDoIt\\Desktop\\Laravel-ECommerce-Iyzico\\vendor\\laravel\\framework\\src\\Illuminate\\Database\\Connectors\\Connector.php:68)
[stacktrace]
#0 C:\\Users\\JustDoIt\\Desktop\\Laravel-ECommerce-Iyzico\\vendor\\laravel\\framework\\src\\Illuminate\\Database\\Connection.php(624): Illuminate\\Database\\Connection->runQueryCallback('select * from i...', Array, Object(Closure))
#1 C:\\Users\\JustDoIt\\Desktop\\Laravel-ECommerce-Iyzico\\vendor\\laravel\\framework\\src\\Illuminate\\Database\\Connection.php(333): Illuminate\\Database\\Connection->run('select * from i...', Array, Object(Closure))
#2 C:\\Users\\JustDoIt\\Desktop\\Laravel-ECommerce-Iyzico\\vendor\\laravel\\framework\\src\\Illuminate\\Database\\Schema\\MySqlBuilder.php(18): Illuminate\\Database\\Connection->select('select * from i...', Array)
#3 C:\\Users\\JustDoIt\\Desktop\\Laravel-ECommerce-Iyzico\\vendor\\laravel\\framework\\src\\Illuminate\\Database\\Migrations\\DatabaseMigrationRepository.php(169): Illuminate\\Database\\Schema\\MySqlBuilder->hasTable('migrations')
#4 C:\\Users\\JustDoIt\\Desktop\\Laravel-ECommerce-Iyzico\\vendor\\laravel\\framework\\src\\Illuminate\\Database\\Migrations\\Migrator.php(555): Illuminate\\Database\\Migrations\\DatabaseMigrationRepository->repositoryExists()
#5 C:\\Users\\JustDoIt\\Desktop\\Laravel-ECommerce-Iyzico\\vendor\\laravel\\framework\\src\\Illuminate\\Database\\Console\\Migrations\\MigrateCommand.php(97): Illuminate\\Database\\Migrations\\Migrator->repositoryExists()
#6 C:\\Users\\JustDoIt\\Desktop\\Laravel-ECommerce-Iyzico\\vendor\\laravel\\framework\\src\\Illuminate\\Database\\Console\\Migrations\\MigrateCommand.php(63): Illuminate\\Database\\Console\\Migrations\\MigrateCommand->prepareDatabase()
#7 [internal function]: Illuminate\\Database\\Console\\Migrations\\MigrateCommand->handle()
#8 C:\\Users\\JustDoIt\\Desktop\\Laravel-ECommerce-Iyzico\\vendor\\laravel\\framework\\src\\Illuminate\\Container\\BoundMethod.php(29): call_user_func_array(Array, Array)
#9 C:\\Users\\JustDoIt\\Desktop\\Laravel-ECommerce-Iyzico\\vendor\\laravel\\framework\\src\\Illuminate\\Container\\BoundMethod.php(87): Illuminate\\Container\\BoundMethod::Illuminate\\Container\\{closure}()
#10 C:\\Users\\JustDoIt\\Desktop\\Laravel-ECommerce-Iyzico\\vendor\\laravel\\framework\\src\\Illuminate\\Container\\BoundMethod.php(31): Illuminate\\Container\\BoundMethod::callBoundMethod(Object(Illuminate\\Foundation\\Application), Array, Object(Closure))
#11 C:\\Users\\JustDoIt\\Desktop\\Laravel-ECommerce-Iyzico\\vendor\\laravel\\framework\\src\\Illuminate\\Container\\Container.php(564): Illuminate\\Container\\BoundMethod::call(Object(Illuminate\\Foundation\\Application), Array, Array, NULL)
#12 C:\\Users\\JustDoIt\\Desktop\\Laravel-ECommerce-Iyzico\\vendor\\laravel\\framework\\src\\Illuminate\\Console\\Command.php(179): Illuminate\\Container\\Container->call(Array)
#13 C:\\Users\\JustDoIt\\Desktop\\Laravel-ECommerce-Iyzico\\vendor\\symfony\\console\\Command\\Command.php(255): Illuminate\\Console\\Command->execute(Object(Symfony\\Component\\Console\\Input\\ArgvInput), Object(Illuminate\\Console\\OutputStyle))
#14 C:\\Users\\JustDoIt\\Desktop\\Laravel-ECommerce-Iyzico\\vendor\\laravel\\framework\\src\\Illuminate\\Console\\Command.php(166): Symfony\\Component\\Console\\Command\\Command->run(Object(Symfony\\Component\\Console\\Input\\ArgvInput), Object(Illuminate\\Console\\OutputStyle))
#15 C:\\Users\\JustDoIt\\Desktop\\Laravel-ECommerce-Iyzico\\vendor\\symfony\\console\\Application.php(921): Illuminate\\Console\\Command->run(Object(Symfony\\Component\\Console\\Input\\ArgvInput), Object(Symfony\\Component\\Console\\Output\\ConsoleOutput))
#16 C:\\Users\\JustDoIt\\Desktop\\Laravel-ECommerce-Iyzico\\vendor\\symfony\\console\\Application.php(273): Symfony\\Component\\Console\\Application->doRunCommand(Object(Illuminate\\Database\\Console\\Migrations\\MigrateCommand), Object(Symfony\\Component\\Console\\Input\\ArgvInput), Object(Symfony\\Component\\Console\\Output\\ConsoleOutput))
#17 C:\\Users\\JustDoIt\\Desktop\\Laravel-ECommerce-Iyzico\\vendor\\symfony\\console\\Application.php(149): Symfony\\Component\\Console\\Application->doRun(Object(Symfony\\Component\\Console\\Input\\ArgvInput), Object(Symfony\\Component\\Console\\Output\\ConsoleOutput))
#18 C:\\Users\\JustDoIt\\Desktop\\Laravel-ECommerce-Iyzico\\vendor\\laravel\\framework\\src\\Illuminate\\Console\\Application.php(89): Symfony\\Component\\Console\\Application->run(Object(Symfony\\Component\\Console\\Input\\ArgvInput), Object(Symfony\\Component\\Console\\Output\\ConsoleOutput))
#19 C:\\Users\\JustDoIt\\Desktop\\Laravel-ECommerce-Iyzico\\vendor\\laravel\\framework\\src\\Illuminate\\Foundation\\Console\\Kernel.php(122): Illuminate\\Console\\Application->run(Object(Symfony\\Component\\Console\\Input\\ArgvInput), Object(Symfony\\Component\\Console\\Output\\ConsoleOutput))
#20 C:\\Users\\JustDoIt\\Desktop\\Laravel-ECommerce-Iyzico\\artisan(37): Illuminate\\Foundation\\Console\\Kernel->handle(Object(Symfony\\Component\\Console\\Input\\ArgvInput), Object(Symfony\\Component\\Console\\Output\\ConsoleOutput))
#21 {main}
"} 
[2019-06-28 19:10:50] local.ERROR: SQLSTATE[HY000] [2002] No connection could be made because the target machine actively refused it.
 (SQL: select * from information_schema.tables where table_schema = ec and table_name = migrations) {"exception":"[object] (Illuminate\\Database\\QueryException(code: 2002): SQLSTATE[HY000] [2002] No connection could be made because the target machine actively refused it.
 (SQL: select * from information_schema.tables where table_schema = ec and table_name = migrations) at C:\\Users\\JustDoIt\\Desktop\\Laravel-ECommerce-Iyzico\\vendor\\laravel\\framework\\src\\Illuminate\\Database\\Connection.php:664, PDOException(code: 2002): SQLSTATE[HY000] [2002] No connection could be made because the target machine actively refused it.
 at C:\\Users\\JustDoIt\\Desktop\\Laravel-ECommerce-Iyzico\\vendor\\laravel\\framework\\src\\Illuminate\\Database\\Connectors\\Connector.php:68)
[stacktrace]
#0 C:\\Users\\JustDoIt\\Desktop\\Laravel-ECommerce-Iyzico\\vendor\\laravel\\framework\\src\\Illuminate\\Database\\Connection.php(624): Illuminate\\Database\\Connection->runQueryCallback('select * from i...', Array, Object(Closure))
#1 C:\\Users\\JustDoIt\\Desktop\\Laravel-ECommerce-Iyzico\\vendor\\laravel\\framework\\src\\Illuminate\\Database\\Connection.php(333): Illuminate\\Database\\Connection->run('select * from i...', Array, Object(Closure))
#2 C:\\Users\\JustDoIt\\Desktop\\Laravel-ECommerce-Iyzico\\vendor\\laravel\\framework\\src\\Illuminate\\Database\\Schema\\MySqlBuilder.php(18): Illuminate\\Database\\Connection->select('select * from i...', Array)
#3 C:\\Users\\JustDoIt\\Desktop\\Laravel-ECommerce-Iyzico\\vendor\\laravel\\framework\\src\\Illuminate\\Database\\Migrations\\DatabaseMigrationRepository.php(169): Illuminate\\Database\\Schema\\MySqlBuilder->hasTable('migrations')
#4 C:\\Users\\JustDoIt\\Desktop\\Laravel-ECommerce-Iyzico\\vendor\\laravel\\framework\\src\\Illuminate\\Database\\Migrations\\Migrator.php(555): Illuminate\\Database\\Migrations\\DatabaseMigrationRepository->repositoryExists()
#5 C:\\Users\\JustDoIt\\Desktop\\Laravel-ECommerce-Iyzico\\vendor\\laravel\\framework\\src\\Illuminate\\Database\\Console\\Migrations\\MigrateCommand.php(97): Illuminate\\Database\\Migrations\\Migrator->repositoryExists()
#6 C:\\Users\\JustDoIt\\Desktop\\Laravel-ECommerce-Iyzico\\vendor\\laravel\\framework\\src\\Illuminate\\Database\\Console\\Migrations\\MigrateCommand.php(63): Illuminate\\Database\\Console\\Migrations\\MigrateCommand->prepareDatabase()
#7 [internal function]: Illuminate\\Database\\Console\\Migrations\\MigrateCommand->handle()
#8 C:\\Users\\JustDoIt\\Desktop\\Laravel-ECommerce-Iyzico\\vendor\\laravel\\framework\\src\\Illuminate\\Container\\BoundMethod.php(29): call_user_func_array(Array, Array)
#9 C:\\Users\\JustDoIt\\Desktop\\Laravel-ECommerce-Iyzico\\vendor\\laravel\\framework\\src\\Illuminate\\Container\\BoundMethod.php(87): Illuminate\\Container\\BoundMethod::Illuminate\\Container\\{closure}()
#10 C:\\Users\\JustDoIt\\Desktop\\Laravel-ECommerce-Iyzico\\vendor\\laravel\\framework\\src\\Illuminate\\Container\\BoundMethod.php(31): Illuminate\\Container\\BoundMethod::callBoundMethod(Object(Illuminate\\Foundation\\Application), Array, Object(Closure))
#11 C:\\Users\\JustDoIt\\Desktop\\Laravel-ECommerce-Iyzico\\vendor\\laravel\\framework\\src\\Illuminate\\Container\\Container.php(564): Illuminate\\Container\\BoundMethod::call(Object(Illuminate\\Foundation\\Application), Array, Array, NULL)
#12 C:\\Users\\JustDoIt\\Desktop\\Laravel-ECommerce-Iyzico\\vendor\\laravel\\framework\\src\\Illuminate\\Console\\Command.php(179): Illuminate\\Container\\Container->call(Array)
#13 C:\\Users\\JustDoIt\\Desktop\\Laravel-ECommerce-Iyzico\\vendor\\symfony\\console\\Command\\Command.php(255): Illuminate\\Console\\Command->execute(Object(Symfony\\Component\\Console\\Input\\ArgvInput), Object(Illuminate\\Console\\OutputStyle))
#14 C:\\Users\\JustDoIt\\Desktop\\Laravel-ECommerce-Iyzico\\vendor\\laravel\\framework\\src\\Illuminate\\Console\\Command.php(166): Symfony\\Component\\Console\\Command\\Command->run(Object(Symfony\\Component\\Console\\Input\\ArgvInput), Object(Illuminate\\Console\\OutputStyle))
#15 C:\\Users\\JustDoIt\\Desktop\\Laravel-ECommerce-Iyzico\\vendor\\symfony\\console\\Application.php(921): Illuminate\\Console\\Command->run(Object(Symfony\\Component\\Console\\Input\\ArgvInput), Object(Symfony\\Component\\Console\\Output\\ConsoleOutput))
#16 C:\\Users\\JustDoIt\\Desktop\\Laravel-ECommerce-Iyzico\\vendor\\symfony\\console\\Application.php(273): Symfony\\Component\\Console\\Application->doRunCommand(Object(Illuminate\\Database\\Console\\Migrations\\MigrateCommand), Object(Symfony\\Component\\Console\\Input\\ArgvInput), Object(Symfony\\Component\\Console\\Output\\ConsoleOutput))
#17 C:\\Users\\JustDoIt\\Desktop\\Laravel-ECommerce-Iyzico\\vendor\\symfony\\console\\Application.php(149): Symfony\\Component\\Console\\Application->doRun(Object(Symfony\\Component\\Console\\Input\\ArgvInput), Object(Symfony\\Component\\Console\\Output\\ConsoleOutput))
#18 C:\\Users\\JustDoIt\\Desktop\\Laravel-ECommerce-Iyzico\\vendor\\laravel\\framework\\src\\Illuminate\\Console\\Application.php(89): Symfony\\Component\\Console\\Application->run(Object(Symfony\\Component\\Console\\Input\\ArgvInput), Object(Symfony\\Component\\Console\\Output\\ConsoleOutput))
#19 C:\\Users\\JustDoIt\\Desktop\\Laravel-ECommerce-Iyzico\\vendor\\laravel\\framework\\src\\Illuminate\\Foundation\\Console\\Kernel.php(122): Illuminate\\Console\\Application->run(Object(Symfony\\Component\\Console\\Input\\ArgvInput), Object(Symfony\\Component\\Console\\Output\\ConsoleOutput))
#20 C:\\Users\\JustDoIt\\Desktop\\Laravel-ECommerce-Iyzico\\artisan(37): Illuminate\\Foundation\\Console\\Kernel->handle(Object(Symfony\\Component\\Console\\Input\\ArgvInput), Object(Symfony\\Component\\Console\\Output\\ConsoleOutput))
#21 {main}
"} 
[2019-06-28 19:11:29] local.ERROR: SQLSTATE[HY000] [2002] No connection could be made because the target machine actively refused it.
 (SQL: select * from information_schema.tables where table_schema = ec and table_name = migrations) {"exception":"[object] (Illuminate\\Database\\QueryException(code: 2002): SQLSTATE[HY000] [2002] No connection could be made because the target machine actively refused it.
 (SQL: select * from information_schema.tables where table_schema = ec and table_name = migrations) at C:\\Users\\JustDoIt\\Desktop\\Laravel-ECommerce-Iyzico\\vendor\\laravel\\framework\\src\\Illuminate\\Database\\Connection.php:664, PDOException(code: 2002): SQLSTATE[HY000] [2002] No connection could be made because the target machine actively refused it.
 at C:\\Users\\JustDoIt\\Desktop\\Laravel-ECommerce-Iyzico\\vendor\\laravel\\framework\\src\\Illuminate\\Database\\Connectors\\Connector.php:68)
[stacktrace]
#0 C:\\Users\\JustDoIt\\Desktop\\Laravel-ECommerce-Iyzico\\vendor\\laravel\\framework\\src\\Illuminate\\Database\\Connection.php(624): Illuminate\\Database\\Connection->runQueryCallback('select * from i...', Array, Object(Closure))
#1 C:\\Users\\JustDoIt\\Desktop\\Laravel-ECommerce-Iyzico\\vendor\\laravel\\framework\\src\\Illuminate\\Database\\Connection.php(333): Illuminate\\Database\\Connection->run('select * from i...', Array, Object(Closure))
#2 C:\\Users\\JustDoIt\\Desktop\\Laravel-ECommerce-Iyzico\\vendor\\laravel\\framework\\src\\Illuminate\\Database\\Schema\\MySqlBuilder.php(18): Illuminate\\Database\\Connection->select('select * from i...', Array)
#3 C:\\Users\\JustDoIt\\Desktop\\Laravel-ECommerce-Iyzico\\vendor\\laravel\\framework\\src\\Illuminate\\Database\\Migrations\\DatabaseMigrationRepository.php(169): Illuminate\\Database\\Schema\\MySqlBuilder->hasTable('migrations')
#4 C:\\Users\\JustDoIt\\Desktop\\Laravel-ECommerce-Iyzico\\vendor\\laravel\\framework\\src\\Illuminate\\Database\\Migrations\\Migrator.php(555): Illuminate\\Database\\Migrations\\DatabaseMigrationRepository->repositoryExists()
#5 C:\\Users\\JustDoIt\\Desktop\\Laravel-ECommerce-Iyzico\\vendor\\laravel\\framework\\src\\Illuminate\\Database\\Console\\Migrations\\MigrateCommand.php(97): Illuminate\\Database\\Migrations\\Migrator->repositoryExists()
#6 C:\\Users\\JustDoIt\\Desktop\\Laravel-ECommerce-Iyzico\\vendor\\laravel\\framework\\src\\Illuminate\\Database\\Console\\Migrations\\MigrateCommand.php(63): Illuminate\\Database\\Console\\Migrations\\MigrateCommand->prepareDatabase()
#7 [internal function]: Illuminate\\Database\\Console\\Migrations\\MigrateCommand->handle()
#8 C:\\Users\\JustDoIt\\Desktop\\Laravel-ECommerce-Iyzico\\vendor\\laravel\\framework\\src\\Illuminate\\Container\\BoundMethod.php(29): call_user_func_array(Array, Array)
#9 C:\\Users\\JustDoIt\\Desktop\\Laravel-ECommerce-Iyzico\\vendor\\laravel\\framework\\src\\Illuminate\\Container\\BoundMethod.php(87): Illuminate\\Container\\BoundMethod::Illuminate\\Container\\{closure}()
#10 C:\\Users\\JustDoIt\\Desktop\\Laravel-ECommerce-Iyzico\\vendor\\laravel\\framework\\src\\Illuminate\\Container\\BoundMethod.php(31): Illuminate\\Container\\BoundMethod::callBoundMethod(Object(Illuminate\\Foundation\\Application), Array, Object(Closure))
#11 C:\\Users\\JustDoIt\\Desktop\\Laravel-ECommerce-Iyzico\\vendor\\laravel\\framework\\src\\Illuminate\\Container\\Container.php(564): Illuminate\\Container\\BoundMethod::call(Object(Illuminate\\Foundation\\Application), Array, Array, NULL)
#12 C:\\Users\\JustDoIt\\Desktop\\Laravel-ECommerce-Iyzico\\vendor\\laravel\\framework\\src\\Illuminate\\Console\\Command.php(179): Illuminate\\Container\\Container->call(Array)
#13 C:\\Users\\JustDoIt\\Desktop\\Laravel-ECommerce-Iyzico\\vendor\\symfony\\console\\Command\\Command.php(255): Illuminate\\Console\\Command->execute(Object(Symfony\\Component\\Console\\Input\\ArgvInput), Object(Illuminate\\Console\\OutputStyle))
#14 C:\\Users\\JustDoIt\\Desktop\\Laravel-ECommerce-Iyzico\\vendor\\laravel\\framework\\src\\Illuminate\\Console\\Command.php(166): Symfony\\Component\\Console\\Command\\Command->run(Object(Symfony\\Component\\Console\\Input\\ArgvInput), Object(Illuminate\\Console\\OutputStyle))
#15 C:\\Users\\JustDoIt\\Desktop\\Laravel-ECommerce-Iyzico\\vendor\\symfony\\console\\Application.php(921): Illuminate\\Console\\Command->run(Object(Symfony\\Component\\Console\\Input\\ArgvInput), Object(Symfony\\Component\\Console\\Output\\ConsoleOutput))
#16 C:\\Users\\JustDoIt\\Desktop\\Laravel-ECommerce-Iyzico\\vendor\\symfony\\console\\Application.php(273): Symfony\\Component\\Console\\Application->doRunCommand(Object(Illuminate\\Database\\Console\\Migrations\\MigrateCommand), Object(Symfony\\Component\\Console\\Input\\ArgvInput), Object(Symfony\\Component\\Console\\Output\\ConsoleOutput))
#17 C:\\Users\\JustDoIt\\Desktop\\Laravel-ECommerce-Iyzico\\vendor\\symfony\\console\\Application.php(149): Symfony\\Component\\Console\\Application->doRun(Object(Symfony\\Component\\Console\\Input\\ArgvInput), Object(Symfony\\Component\\Console\\Output\\ConsoleOutput))
#18 C:\\Users\\JustDoIt\\Desktop\\Laravel-ECommerce-Iyzico\\vendor\\laravel\\framework\\src\\Illuminate\\Console\\Application.php(89): Symfony\\Component\\Console\\Application->run(Object(Symfony\\Component\\Console\\Input\\ArgvInput), Object(Symfony\\Component\\Console\\Output\\ConsoleOutput))
#19 C:\\Users\\JustDoIt\\Desktop\\Laravel-ECommerce-Iyzico\\vendor\\laravel\\framework\\src\\Illuminate\\Foundation\\Console\\Kernel.php(122): Illuminate\\Console\\Application->run(Object(Symfony\\Component\\Console\\Input\\ArgvInput), Object(Symfony\\Component\\Console\\Output\\ConsoleOutput))
#20 C:\\Users\\JustDoIt\\Desktop\\Laravel-ECommerce-Iyzico\\artisan(37): Illuminate\\Foundation\\Console\\Kernel->handle(Object(Symfony\\Component\\Console\\Input\\ArgvInput), Object(Symfony\\Component\\Console\\Output\\ConsoleOutput))
#21 {main}
"} 
[2019-06-28 19:11:41] local.ERROR: SQLSTATE[42S01]: Base table or view already exists: 1050 Table 'roles' already exists (SQL: create table `roles` (`id` int unsigned not null auto_increment primary key, `name` varchar(191) not null) default character set utf8mb4 collate 'utf8mb4_unicode_ci') {"exception":"[object] (Illuminate\\Database\\QueryException(code: 42S01): SQLSTATE[42S01]: Base table or view already exists: 1050 Table 'roles' already exists (SQL: create table `roles` (`id` int unsigned not null auto_increment primary key, `name` varchar(191) not null) default character set utf8mb4 collate 'utf8mb4_unicode_ci') at C:\\Users\\JustDoIt\\Desktop\\Laravel-ECommerce-Iyzico\\vendor\\laravel\\framework\\src\\Illuminate\\Database\\Connection.php:664, PDOException(code: 42S01): SQLSTATE[42S01]: Base table or view already exists: 1050 Table 'roles' already exists at C:\\Users\\JustDoIt\\Desktop\\Laravel-ECommerce-Iyzico\\vendor\\laravel\\framework\\src\\Illuminate\\Database\\Connection.php:458)
[stacktrace]
#0 C:\\Users\\JustDoIt\\Desktop\\Laravel-ECommerce-Iyzico\\vendor\\laravel\\framework\\src\\Illuminate\\Database\\Connection.php(624): Illuminate\\Database\\Connection->runQueryCallback('create table `r...', Array, Object(Closure))
#1 C:\\Users\\JustDoIt\\Desktop\\Laravel-ECommerce-Iyzico\\vendor\\laravel\\framework\\src\\Illuminate\\Database\\Connection.php(459): Illuminate\\Database\\Connection->run('create table `r...', Array, Object(Closure))
#2 C:\\Users\\JustDoIt\\Desktop\\Laravel-ECommerce-Iyzico\\vendor\\laravel\\framework\\src\\Illuminate\\Database\\Schema\\Blueprint.php(88): Illuminate\\Database\\Connection->statement('create table `r...')
#3 C:\\Users\\JustDoIt\\Desktop\\Laravel-ECommerce-Iyzico\\vendor\\laravel\\framework\\src\\Illuminate\\Database\\Schema\\Builder.php(264): Illuminate\\Database\\Schema\\Blueprint->build(Object(Illuminate\\Database\\MySqlConnection), Object(Illuminate\\Database\\Schema\\Grammars\\MySqlGrammar))
#4 C:\\Users\\JustDoIt\\Desktop\\Laravel-ECommerce-Iyzico\\vendor\\laravel\\framework\\src\\Illuminate\\Database\\Schema\\Builder.php(165): Illuminate\\Database\\Schema\\Builder->build(Object(Illuminate\\Database\\Schema\\Blueprint))
#5 C:\\Users\\JustDoIt\\Desktop\\Laravel-ECommerce-Iyzico\\vendor\\laravel\\framework\\src\\Illuminate\\Support\\Facades\\Facade.php(223): Illuminate\\Database\\Schema\\Builder->create('roles', Object(Closure))
#6 C:\\Users\\JustDoIt\\Desktop\\Laravel-ECommerce-Iyzico\\database\\migrations\\2018_07_06_135130_create_roles_table.php(19): Illuminate\\Support\\Facades\\Facade::__callStatic('create', Array)
#7 C:\\Users\\JustDoIt\\Desktop\\Laravel-ECommerce-Iyzico\\vendor\\laravel\\framework\\src\\Illuminate\\Database\\Migrations\\Migrator.php(359): CreateRolesTable->up()
#8 C:\\Users\\JustDoIt\\Desktop\\Laravel-ECommerce-Iyzico\\vendor\\laravel\\framework\\src\\Illuminate\\Database\\Migrations\\Migrator.php(366): Illuminate\\Database\\Migrations\\Migrator->Illuminate\\Database\\Migrations\\{closure}()
#9 C:\\Users\\JustDoIt\\Desktop\\Laravel-ECommerce-Iyzico\\vendor\\laravel\\framework\\src\\Illuminate\\Database\\Migrations\\Migrator.php(177): Illuminate\\Database\\Migrations\\Migrator->runMigration(Object(CreateRolesTable), 'up')
#10 C:\\Users\\JustDoIt\\Desktop\\Laravel-ECommerce-Iyzico\\vendor\\laravel\\framework\\src\\Illuminate\\Database\\Migrations\\Migrator.php(146): Illuminate\\Database\\Migrations\\Migrator->runUp('C:\\\\Users\\\\JustDo...', 2, false)
#11 C:\\Users\\JustDoIt\\Desktop\\Laravel-ECommerce-Iyzico\\vendor\\laravel\\framework\\src\\Illuminate\\Database\\Migrations\\Migrator.php(95): Illuminate\\Database\\Migrations\\Migrator->runPending(Array, Array)
#12 C:\\Users\\JustDoIt\\Desktop\\Laravel-ECommerce-Iyzico\\vendor\\laravel\\framework\\src\\Illuminate\\Database\\Console\\Migrations\\MigrateCommand.php(70): Illuminate\\Database\\Migrations\\Migrator->run(Array, Array)
#13 [internal function]: Illuminate\\Database\\Console\\Migrations\\MigrateCommand->handle()
#14 C:\\Users\\JustDoIt\\Desktop\\Laravel-ECommerce-Iyzico\\vendor\\laravel\\framework\\src\\Illuminate\\Container\\BoundMethod.php(29): call_user_func_array(Array, Array)
#15 C:\\Users\\JustDoIt\\Desktop\\Laravel-ECommerce-Iyzico\\vendor\\laravel\\framework\\src\\Illuminate\\Container\\BoundMethod.php(87): Illuminate\\Container\\BoundMethod::Illuminate\\Container\\{closure}()
#16 C:\\Users\\JustDoIt\\Desktop\\Laravel-ECommerce-Iyzico\\vendor\\laravel\\framework\\src\\Illuminate\\Container\\BoundMethod.php(31): Illuminate\\Container\\BoundMethod::callBoundMethod(Object(Illuminate\\Foundation\\Application), Array, Object(Closure))
#17 C:\\Users\\JustDoIt\\Desktop\\Laravel-ECommerce-Iyzico\\vendor\\laravel\\framework\\src\\Illuminate\\Container\\Container.php(564): Illuminate\\Container\\BoundMethod::call(Object(Illuminate\\Foundation\\Application), Array, Array, NULL)
#18 C:\\Users\\JustDoIt\\Desktop\\Laravel-ECommerce-Iyzico\\vendor\\laravel\\framework\\src\\Illuminate\\Console\\Command.php(179): Illuminate\\Container\\Container->call(Array)
#19 C:\\Users\\JustDoIt\\Desktop\\Laravel-ECommerce-Iyzico\\vendor\\symfony\\console\\Command\\Command.php(255): Illuminate\\Console\\Command->execute(Object(Symfony\\Component\\Console\\Input\\ArgvInput), Object(Illuminate\\Console\\OutputStyle))
#20 C:\\Users\\JustDoIt\\Desktop\\Laravel-ECommerce-Iyzico\\vendor\\laravel\\framework\\src\\Illuminate\\Console\\Command.php(166): Symfony\\Component\\Console\\Command\\Command->run(Object(Symfony\\Component\\Console\\Input\\ArgvInput), Object(Illuminate\\Console\\OutputStyle))
#21 C:\\Users\\JustDoIt\\Desktop\\Laravel-ECommerce-Iyzico\\vendor\\symfony\\console\\Application.php(921): Illuminate\\Console\\Command->run(Object(Symfony\\Component\\Console\\Input\\ArgvInput), Object(Symfony\\Component\\Console\\Output\\ConsoleOutput))
#22 C:\\Users\\JustDoIt\\Desktop\\Laravel-ECommerce-Iyzico\\vendor\\symfony\\console\\Application.php(273): Symfony\\Component\\Console\\Application->doRunCommand(Object(Illuminate\\Database\\Console\\Migrations\\MigrateCommand), Object(Symfony\\Component\\Console\\Input\\ArgvInput), Object(Symfony\\Component\\Console\\Output\\ConsoleOutput))
#23 C:\\Users\\JustDoIt\\Desktop\\Laravel-ECommerce-Iyzico\\vendor\\symfony\\console\\Application.php(149): Symfony\\Component\\Console\\Application->doRun(Object(Symfony\\Component\\Console\\Input\\ArgvInput), Object(Symfony\\Component\\Console\\Output\\ConsoleOutput))
#24 C:\\Users\\JustDoIt\\Desktop\\Laravel-ECommerce-Iyzico\\vendor\\laravel\\framework\\src\\Illuminate\\Console\\Application.php(89): Symfony\\Component\\Console\\Application->run(Object(Symfony\\Component\\Console\\Input\\ArgvInput), Object(Symfony\\Component\\Console\\Output\\ConsoleOutput))
#25 C:\\Users\\JustDoIt\\Desktop\\Laravel-ECommerce-Iyzico\\vendor\\laravel\\framework\\src\\Illuminate\\Foundation\\Console\\Kernel.php(122): Illuminate\\Console\\Application->run(Object(Symfony\\Component\\Console\\Input\\ArgvInput), Object(Symfony\\Component\\Console\\Output\\ConsoleOutput))
#26 C:\\Users\\JustDoIt\\Desktop\\Laravel-ECommerce-Iyzico\\artisan(37): Illuminate\\Foundation\\Console\\Kernel->handle(Object(Symfony\\Component\\Console\\Input\\ArgvInput), Object(Symfony\\Component\\Console\\Output\\ConsoleOutput))
#27 {main}
"} 
[2019-06-28 19:11:46] local.ERROR: SQLSTATE[42S01]: Base table or view already exists: 1050 Table 'roles' already exists (SQL: create table `roles` (`id` int unsigned not null auto_increment primary key, `name` varchar(191) not null) default character set utf8mb4 collate 'utf8mb4_unicode_ci') {"exception":"[object] (Illuminate\\Database\\QueryException(code: 42S01): SQLSTATE[42S01]: Base table or view already exists: 1050 Table 'roles' already exists (SQL: create table `roles` (`id` int unsigned not null auto_increment primary key, `name` varchar(191) not null) default character set utf8mb4 collate 'utf8mb4_unicode_ci') at C:\\Users\\JustDoIt\\Desktop\\Laravel-ECommerce-Iyzico\\vendor\\laravel\\framework\\src\\Illuminate\\Database\\Connection.php:664, PDOException(code: 42S01): SQLSTATE[42S01]: Base table or view already exists: 1050 Table 'roles' already exists at C:\\Users\\JustDoIt\\Desktop\\Laravel-ECommerce-Iyzico\\vendor\\laravel\\framework\\src\\Illuminate\\Database\\Connection.php:458)
[stacktrace]
#0 C:\\Users\\JustDoIt\\Desktop\\Laravel-ECommerce-Iyzico\\vendor\\laravel\\framework\\src\\Illuminate\\Database\\Connection.php(624): Illuminate\\Database\\Connection->runQueryCallback('create table `r...', Array, Object(Closure))
#1 C:\\Users\\JustDoIt\\Desktop\\Laravel-ECommerce-Iyzico\\vendor\\laravel\\framework\\src\\Illuminate\\Database\\Connection.php(459): Illuminate\\Database\\Connection->run('create table `r...', Array, Object(Closure))
#2 C:\\Users\\JustDoIt\\Desktop\\Laravel-ECommerce-Iyzico\\vendor\\laravel\\framework\\src\\Illuminate\\Database\\Schema\\Blueprint.php(88): Illuminate\\Database\\Connection->statement('create table `r...')
#3 C:\\Users\\JustDoIt\\Desktop\\Laravel-ECommerce-Iyzico\\vendor\\laravel\\framework\\src\\Illuminate\\Database\\Schema\\Builder.php(264): Illuminate\\Database\\Schema\\Blueprint->build(Object(Illuminate\\Database\\MySqlConnection), Object(Illuminate\\Database\\Schema\\Grammars\\MySqlGrammar))
#4 C:\\Users\\JustDoIt\\Desktop\\Laravel-ECommerce-Iyzico\\vendor\\laravel\\framework\\src\\Illuminate\\Database\\Schema\\Builder.php(165): Illuminate\\Database\\Schema\\Builder->build(Object(Illuminate\\Database\\Schema\\Blueprint))
#5 C:\\Users\\JustDoIt\\Desktop\\Laravel-ECommerce-Iyzico\\vendor\\laravel\\framework\\src\\Illuminate\\Support\\Facades\\Facade.php(223): Illuminate\\Database\\Schema\\Builder->create('roles', Object(Closure))
#6 C:\\Users\\JustDoIt\\Desktop\\Laravel-ECommerce-Iyzico\\database\\migrations\\2018_07_06_135130_create_roles_table.php(19): Illuminate\\Support\\Facades\\Facade::__callStatic('create', Array)
#7 C:\\Users\\JustDoIt\\Desktop\\Laravel-ECommerce-Iyzico\\vendor\\laravel\\framework\\src\\Illuminate\\Database\\Migrations\\Migrator.php(359): CreateRolesTable->up()
#8 C:\\Users\\JustDoIt\\Desktop\\Laravel-ECommerce-Iyzico\\vendor\\laravel\\framework\\src\\Illuminate\\Database\\Migrations\\Migrator.php(366): Illuminate\\Database\\Migrations\\Migrator->Illuminate\\Database\\Migrations\\{closure}()
#9 C:\\Users\\JustDoIt\\Desktop\\Laravel-ECommerce-Iyzico\\vendor\\laravel\\framework\\src\\Illuminate\\Database\\Migrations\\Migrator.php(177): Illuminate\\Database\\Migrations\\Migrator->runMigration(Object(CreateRolesTable), 'up')
#10 C:\\Users\\JustDoIt\\Desktop\\Laravel-ECommerce-Iyzico\\vendor\\laravel\\framework\\src\\Illuminate\\Database\\Migrations\\Migrator.php(146): Illuminate\\Database\\Migrations\\Migrator->runUp('C:\\\\Users\\\\JustDo...', 3, false)
#11 C:\\Users\\JustDoIt\\Desktop\\Laravel-ECommerce-Iyzico\\vendor\\laravel\\framework\\src\\Illuminate\\Database\\Migrations\\Migrator.php(95): Illuminate\\Database\\Migrations\\Migrator->runPending(Array, Array)
#12 C:\\Users\\JustDoIt\\Desktop\\Laravel-ECommerce-Iyzico\\vendor\\laravel\\framework\\src\\Illuminate\\Database\\Console\\Migrations\\MigrateCommand.php(70): Illuminate\\Database\\Migrations\\Migrator->run(Array, Array)
#13 [internal function]: Illuminate\\Database\\Console\\Migrations\\MigrateCommand->handle()
#14 C:\\Users\\JustDoIt\\Desktop\\Laravel-ECommerce-Iyzico\\vendor\\laravel\\framework\\src\\Illuminate\\Container\\BoundMethod.php(29): call_user_func_array(Array, Array)
#15 C:\\Users\\JustDoIt\\Desktop\\Laravel-ECommerce-Iyzico\\vendor\\laravel\\framework\\src\\Illuminate\\Container\\BoundMethod.php(87): Illuminate\\Container\\BoundMethod::Illuminate\\Container\\{closure}()
#16 C:\\Users\\JustDoIt\\Desktop\\Laravel-ECommerce-Iyzico\\vendor\\laravel\\framework\\src\\Illuminate\\Container\\BoundMethod.php(31): Illuminate\\Container\\BoundMethod::callBoundMethod(Object(Illuminate\\Foundation\\Application), Array, Object(Closure))
#17 C:\\Users\\JustDoIt\\Desktop\\Laravel-ECommerce-Iyzico\\vendor\\laravel\\framework\\src\\Illuminate\\Container\\Container.php(564): Illuminate\\Container\\BoundMethod::call(Object(Illuminate\\Foundation\\Application), Array, Array, NULL)
#18 C:\\Users\\JustDoIt\\Desktop\\Laravel-ECommerce-Iyzico\\vendor\\laravel\\framework\\src\\Illuminate\\Console\\Command.php(179): Illuminate\\Container\\Container->call(Array)
#19 C:\\Users\\JustDoIt\\Desktop\\Laravel-ECommerce-Iyzico\\vendor\\symfony\\console\\Command\\Command.php(255): Illuminate\\Console\\Command->execute(Object(Symfony\\Component\\Console\\Input\\ArgvInput), Object(Illuminate\\Console\\OutputStyle))
#20 C:\\Users\\JustDoIt\\Desktop\\Laravel-ECommerce-Iyzico\\vendor\\laravel\\framework\\src\\Illuminate\\Console\\Command.php(166): Symfony\\Component\\Console\\Command\\Command->run(Object(Symfony\\Component\\Console\\Input\\ArgvInput), Object(Illuminate\\Console\\OutputStyle))
#21 C:\\Users\\JustDoIt\\Desktop\\Laravel-ECommerce-Iyzico\\vendor\\symfony\\console\\Application.php(921): Illuminate\\Console\\Command->run(Object(Symfony\\Component\\Console\\Input\\ArgvInput), Object(Symfony\\Component\\Console\\Output\\ConsoleOutput))
#22 C:\\Users\\JustDoIt\\Desktop\\Laravel-ECommerce-Iyzico\\vendor\\symfony\\console\\Application.php(273): Symfony\\Component\\Console\\Application->doRunCommand(Object(Illuminate\\Database\\Console\\Migrations\\MigrateCommand), Object(Symfony\\Component\\Console\\Input\\ArgvInput), Object(Symfony\\Component\\Console\\Output\\ConsoleOutput))
#23 C:\\Users\\JustDoIt\\Desktop\\Laravel-ECommerce-Iyzico\\vendor\\symfony\\console\\Application.php(149): Symfony\\Component\\Console\\Application->doRun(Object(Symfony\\Component\\Console\\Input\\ArgvInput), Object(Symfony\\Component\\Console\\Output\\ConsoleOutput))
#24 C:\\Users\\JustDoIt\\Desktop\\Laravel-ECommerce-Iyzico\\vendor\\laravel\\framework\\src\\Illuminate\\Console\\Application.php(89): Symfony\\Component\\Console\\Application->run(Object(Symfony\\Component\\Console\\Input\\ArgvInput), Object(Symfony\\Component\\Console\\Output\\ConsoleOutput))
#25 C:\\Users\\JustDoIt\\Desktop\\Laravel-ECommerce-Iyzico\\vendor\\laravel\\framework\\src\\Illuminate\\Foundation\\Console\\Kernel.php(122): Illuminate\\Console\\Application->run(Object(Symfony\\Component\\Console\\Input\\ArgvInput), Object(Symfony\\Component\\Console\\Output\\ConsoleOutput))
#26 C:\\Users\\JustDoIt\\Desktop\\Laravel-ECommerce-Iyzico\\artisan(37): Illuminate\\Foundation\\Console\\Kernel->handle(Object(Symfony\\Component\\Console\\Input\\ArgvInput), Object(Symfony\\Component\\Console\\Output\\ConsoleOutput))
#27 {main}
"} 
